#
# There is insufficient memory for the Java Runtime Environment to continue.
# Native memory allocation (malloc) failed to allocate 867856 bytes for Chunk::new
# Possible reasons:
#   The system is out of physical RAM or swap space
#   In 32 bit mode, the process size limit was hit
# Possible solutions:
#   Reduce memory load on the system
#   Increase physical memory or swap space
#   Check if swap backing store is full
#   Use 64 bit Java on a 64 bit OS
#   Decrease Java heap size (-Xmx/-Xms)
#   Decrease number of Java threads
#   Decrease Java thread stack sizes (-Xss)
#   Set larger code cache with -XX:ReservedCodeCacheSize=
# This output file may be truncated or incomplete.
#
#  Out of Memory Error (allocation.cpp:390), pid=7088, tid=0x0000000000001c14
#
# JRE version: OpenJDK Runtime Environment (8.0_152-b06) (build 1.8.0_152-release-1136-b06)
# Java VM: OpenJDK 64-Bit Server VM (25.152-b06 mixed mode windows-amd64 compressed oops)
# Failed to write core dump. Minidumps are not enabled by default on client versions of Windows
#

---------------  T H R E A D  ---------------

Current thread (0x0000000015d2a000):  JavaThread "C2 CompilerThread2" daemon [_thread_in_native, id=7188, stack(0x00000000187b0000,0x00000000188b0000)]

Stack: [0x00000000187b0000,0x00000000188b0000]
[error occurred during error reporting (printing stack bounds), id 0xc0000005]

Native frames: (J=compiled Java code, j=interpreted, Vv=VM code, C=native code)


Current CompileTask:
C2: 338762 21667       4       com.android.tools.r8.dex.DexParser::parseDebugInfo (613 bytes)


---------------  P R O C E S S  ---------------

Java Threads: ( => current thread )
  0x000000001fea5000 JavaThread "ForkJoinPool-79-worker-0" daemon [_thread_blocked, id=1892, stack(0x000000002b910000,0x000000002ba10000)]
  0x000000001cdec000 JavaThread "ForkJoinPool-79-worker-7" daemon [_thread_blocked, id=2636, stack(0x000000002b810000,0x000000002b910000)]
  0x000000001cdea800 JavaThread "ForkJoinPool-79-worker-6" daemon [_thread_blocked, id=8796, stack(0x000000002b710000,0x000000002b810000)]
  0x000000001ea95800 JavaThread "ForkJoinPool-79-worker-5" daemon [_thread_blocked, id=716, stack(0x000000002b610000,0x000000002b710000)]
  0x000000001ea94800 JavaThread "ForkJoinPool-79-worker-4" daemon [_thread_blocked, id=8572, stack(0x000000002b510000,0x000000002b610000)]
  0x000000001ea94000 JavaThread "ForkJoinPool-79-worker-3" daemon [_thread_blocked, id=6936, stack(0x000000002b410000,0x000000002b510000)]
  0x000000001ea8f800 JavaThread "ForkJoinPool-79-worker-2" daemon [_thread_blocked, id=6360, stack(0x000000002b310000,0x000000002b410000)]
  0x000000001ea91000 JavaThread "ForkJoinPool-79-worker-1" daemon [_thread_blocked, id=3884, stack(0x000000002b210000,0x000000002b310000)]
  0x000000001ea93000 JavaThread "ForkJoinPool.commonPool-worker-5" daemon [_thread_blocked, id=5896, stack(0x0000000028770000,0x0000000028870000)]
  0x000000001ea8d000 JavaThread "ForkJoinPool.commonPool-worker-0" daemon [_thread_blocked, id=8168, stack(0x0000000027170000,0x0000000027270000)]
  0x000000001ea90000 JavaThread "ForkJoinPool.commonPool-worker-7" daemon [_thread_blocked, id=7028, stack(0x0000000026d70000,0x0000000026e70000)]
  0x000000001ea8e800 JavaThread "Cache worker for Java compile cache (C:\Users\Caio\Desktop\Estudos\UFRPE\Optativas\11Periodo\Mobile\Projeto\frontend\InstantStore\.gradle\4.6\javaCompile)" [_thread_blocked, id=3372, stack(0x0000000026b70000,0x0000000026c70000)]
  0x000000001ea8e000 JavaThread "stdout" daemon [_thread_in_native, id=4860, stack(0x0000000028070000,0x0000000028170000)]
  0x000000001ea88000 JavaThread "stderr" daemon [_thread_in_native, id=5440, stack(0x0000000027f70000,0x0000000028070000)]
  0x000000001ea8b000 JavaThread "stdout" daemon [_thread_in_native, id=6768, stack(0x0000000027e70000,0x0000000027f70000)]
  0x000000001ea8a000 JavaThread "stderr" daemon [_thread_in_native, id=7032, stack(0x0000000027d70000,0x0000000027e70000)]
  0x000000001ea86800 JavaThread "stdout" daemon [_thread_in_native, id=3136, stack(0x0000000027c70000,0x0000000027d70000)]
  0x000000001ea87000 JavaThread "stderr" daemon [_thread_in_native, id=5388, stack(0x0000000027b70000,0x0000000027c70000)]
  0x000000001ea89800 JavaThread "stdout" daemon [_thread_in_native, id=6964, stack(0x0000000027a70000,0x0000000027b70000)]
  0x000000001ea88800 JavaThread "stderr" daemon [_thread_in_native, id=6772, stack(0x0000000027970000,0x0000000027a70000)]
  0x0000000019e86800 JavaThread "stdout" daemon [_thread_in_native, id=6672, stack(0x0000000027870000,0x0000000027970000)]
  0x0000000019e82800 JavaThread "stderr" daemon [_thread_in_native, id=7844, stack(0x0000000027770000,0x0000000027870000)]
  0x0000000019e85800 JavaThread "stdout" daemon [_thread_in_native, id=2032, stack(0x0000000027670000,0x0000000027770000)]
  0x000000001feab000 JavaThread "stderr" daemon [_thread_in_native, id=5532, stack(0x0000000027570000,0x0000000027670000)]
  0x000000001feaa800 JavaThread "stdout" daemon [_thread_in_native, id=9108, stack(0x0000000027470000,0x0000000027570000)]
  0x000000001fea6000 JavaThread "stderr" daemon [_thread_in_native, id=8624, stack(0x0000000027370000,0x0000000027470000)]
  0x000000001fea9000 JavaThread "ForkJoinPool.commonPool-worker-6" daemon [_thread_blocked, id=4504, stack(0x0000000027270000,0x0000000027370000)]
  0x000000001fea8000 JavaThread "pool-23-thread-1" [_thread_blocked, id=7580, stack(0x0000000027070000,0x0000000027170000)]
  0x000000001fea4800 JavaThread "ForkJoinPool.commonPool-worker-4" daemon [_thread_blocked, id=8096, stack(0x0000000026f70000,0x0000000027070000)]
  0x000000001fea7800 JavaThread "ForkJoinPool.commonPool-worker-3" daemon [_thread_blocked, id=1552, stack(0x0000000026e70000,0x0000000026f70000)]
  0x000000001cdeb800 JavaThread "ForkJoinPool.commonPool-worker-1" daemon [_thread_blocked, id=9160, stack(0x0000000026c70000,0x0000000026d70000)]
  0x000000001cde6000 JavaThread "Task worker for ':' Thread 7" [_thread_blocked, id=4656, stack(0x0000000026a70000,0x0000000026b70000)]
  0x000000001cde9000 JavaThread "Task worker for ':' Thread 6" [_thread_blocked, id=4916, stack(0x0000000026970000,0x0000000026a70000)]
  0x000000001cdde800 JavaThread "Task worker for ':' Thread 5" [_thread_blocked, id=4060, stack(0x0000000026870000,0x0000000026970000)]
  0x000000001cde1800 JavaThread "Task worker for ':' Thread 4" [_thread_blocked, id=564, stack(0x0000000026270000,0x0000000026370000)]
  0x000000001cde0000 JavaThread "Task worker for ':' Thread 3" [_thread_blocked, id=8800, stack(0x0000000026170000,0x0000000026270000)]
  0x000000001cddd000 JavaThread "Task worker for ':' Thread 2" [_thread_blocked, id=9148, stack(0x0000000026070000,0x0000000026170000)]
  0x00000000214b9800 JavaThread "Task worker for ':'" [_thread_in_Java, id=8808, stack(0x0000000025f70000,0x0000000026070000)]
  0x00000000214b6000 JavaThread "Cache worker for Build Output Cleanup Cache (C:\Users\Caio\Desktop\Estudos\UFRPE\Optativas\11Periodo\Mobile\Projeto\frontend\InstantStore\.gradle\buildOutputCleanup)" [_thread_blocked, id=7588, stack(0x0000000025e70000,0x0000000025f70000)]
  0x00000000214b8000 JavaThread "Cache worker for task history cache (C:\Users\Caio\Desktop\Estudos\UFRPE\Optativas\11Periodo\Mobile\Projeto\frontend\InstantStore\.gradle\4.6\taskHistory)" [_thread_blocked, id=9020, stack(0x0000000025d70000,0x0000000025e70000)]
  0x00000000214b5000 JavaThread "Cache worker for file content cache (C:\Users\Caio\Desktop\Estudos\UFRPE\Optativas\11Periodo\Mobile\Projeto\frontend\InstantStore\.gradle\4.6\fileContent)" [_thread_blocked, id=1844, stack(0x0000000025820000,0x0000000025920000)]
  0x00000000214b4800 JavaThread "Build operations Thread 8" [_thread_blocked, id=3348, stack(0x0000000024540000,0x0000000024640000)]
  0x00000000214b6800 JavaThread "Build operations Thread 7" [_thread_blocked, id=2784, stack(0x0000000024200000,0x0000000024300000)]
  0x00000000214b0800 JavaThread "Build operations Thread 6" [_thread_blocked, id=6976, stack(0x00000000224f0000,0x00000000225f0000)]
  0x00000000214b3800 JavaThread "Build operations Thread 5" [_thread_blocked, id=7008, stack(0x00000000223f0000,0x00000000224f0000)]
  0x00000000214b1800 JavaThread "Build operations Thread 4" [_thread_blocked, id=7020, stack(0x00000000222f0000,0x00000000223f0000)]
  0x00000000214b3000 JavaThread "Build operations Thread 3" [_thread_blocked, id=7700, stack(0x00000000221f0000,0x00000000222f0000)]
  0x00000000214af000 JavaThread "Build operations Thread 2" [_thread_blocked, id=7912, stack(0x0000000021ef0000,0x0000000021ff0000)]
  0x00000000214b2000 JavaThread "Build operations" [_thread_blocked, id=8052, stack(0x0000000021ba0000,0x0000000021ca0000)]
  0x00000000214ae800 JavaThread "Cache worker for Artifact transforms cache (C:\Users\Caio\.gradle\caches\transforms-1)" [_thread_blocked, id=6704, stack(0x0000000021aa0000,0x0000000021ba0000)]
  0x00000000214b0000 JavaThread "Cache worker for file hash cache (C:\Users\Caio\Desktop\Estudos\UFRPE\Optativas\11Periodo\Mobile\Projeto\frontend\InstantStore\.gradle\4.6\fileHashes)" [_thread_blocked, id=8580, stack(0x000000001cb30000,0x000000001cc30000)]
  0x00000000214ac000 JavaThread "Stdin handler" [_thread_blocked, id=8328, stack(0x000000001b560000,0x000000001b660000)]
  0x00000000214aa800 JavaThread "Asynchronous log dispatcher for DefaultDaemonConnection: socket connection from /127.0.0.1:51352 to /127.0.0.1:51409" [_thread_blocked, id=8188, stack(0x000000001b460000,0x000000001b560000)]
  0x00000000214ad800 JavaThread "Cancel handler" [_thread_blocked, id=7320, stack(0x000000001b260000,0x000000001b360000)]
  0x00000000214ad000 JavaThread "Handler for socket connection from /127.0.0.1:51352 to /127.0.0.1:51409" [_thread_in_native, id=4844, stack(0x000000001af60000,0x000000001b060000)]
  0x000000001cde0800 JavaThread "Daemon worker Thread 2" [_thread_blocked, id=8660, stack(0x000000001b360000,0x000000001b460000)]
  0x000000001cddf000 JavaThread "Daemon Thread 2" [_thread_blocked, id=9044, stack(0x000000001ae60000,0x000000001af60000)]
  0x000000001cde4000 JavaThread "Memory manager" [_thread_blocked, id=4008, stack(0x0000000022cf0000,0x0000000022df0000)]
  0x000000001cde4800 JavaThread "pool-1-thread-1" [_thread_blocked, id=9072, stack(0x00000000229f0000,0x0000000022af0000)]
  0x000000001a0de800 JavaThread "File lock request listener" [_thread_in_native, id=4664, stack(0x000000001ba60000,0x000000001bb60000)]
  0x0000000019e96800 JavaThread "Cache worker for file hash cache (C:\Users\Caio\.gradle\caches\4.6\fileHashes)" [_thread_blocked, id=7512, stack(0x000000001b960000,0x000000001ba60000)]
  0x0000000019cf8000 JavaThread "Daemon periodic checks" [_thread_blocked, id=7560, stack(0x000000001ad60000,0x000000001ae60000)]
  0x0000000019d01000 JavaThread "Incoming local TCP Connector on port 51352" [_thread_in_native, id=8768, stack(0x000000001a860000,0x000000001a960000)]
  0x0000000017cae800 JavaThread "Service Thread" daemon [_thread_blocked, id=8136, stack(0x00000000189b0000,0x0000000018ab0000)]
  0x0000000015d2e800 JavaThread "C1 CompilerThread3" daemon [_thread_blocked, id=8172, stack(0x00000000188b0000,0x00000000189b0000)]
=>0x0000000015d2a000 JavaThread "C2 CompilerThread2" daemon [_thread_in_native, id=7188, stack(0x00000000187b0000,0x00000000188b0000)]
  0x0000000017c1f800 JavaThread "C2 CompilerThread1" daemon [_thread_in_native, id=6708, stack(0x00000000186b0000,0x00000000187b0000)]
  0x0000000017c1d800 JavaThread "C2 CompilerThread0" daemon [_thread_in_native, id=8792, stack(0x00000000185b0000,0x00000000186b0000)]
  0x0000000017c1b000 JavaThread "Attach Listener" daemon [_thread_blocked, id=8276, stack(0x00000000184b0000,0x00000000185b0000)]
  0x0000000017c19800 JavaThread "Signal Dispatcher" daemon [_thread_blocked, id=208, stack(0x00000000183b0000,0x00000000184b0000)]
  0x0000000017c10800 JavaThread "Finalizer" daemon [_thread_blocked, id=9156, stack(0x0000000017ff0000,0x00000000180f0000)]
  0x0000000015d1b800 JavaThread "Reference Handler" daemon [_thread_blocked, id=7584, stack(0x0000000017af0000,0x0000000017bf0000)]
  0x000000000050e000 JavaThread "main" [_thread_blocked, id=5632, stack(0x0000000001d60000,0x0000000001e60000)]

Other Threads:
  0x0000000015d15000 VMThread [stack: 0x00000000179f0000,0x0000000017af0000] [id=7820]
  0x0000000017cbf000 WatcherThread [stack: 0x0000000018ab0000,0x0000000018bb0000] [id=7836]

VM state:not at safepoint (normal execution)

VM Mutex/Monitor currently owned by a thread: None

Heap:
 PSYoungGen      total 279040K, used 116642K [0x00000000e0000000, 0x00000000f6080000, 0x0000000100000000)
  eden space 231936K, 44% used [0x00000000e0000000,0x00000000e64c1338,0x00000000ee280000)
  from space 47104K, 28% used [0x00000000ee280000,0x00000000eefa7660,0x00000000f1080000)
  to   space 45568K, 0% used [0x00000000f3400000,0x00000000f3400000,0x00000000f6080000)
 ParOldGen       total 247296K, used 89937K [0x00000000a0000000, 0x00000000af180000, 0x00000000e0000000)
  object space 247296K, 36% used [0x00000000a0000000,0x00000000a57d4628,0x00000000af180000)
 Metaspace       used 95313K, capacity 100595K, committed 100812K, reserved 1136640K
  class space    used 12129K, capacity 13145K, committed 13300K, reserved 1048576K

Card table byte_map: [0x0000000011320000,0x0000000011630000] byte_map_base: 0x0000000010e20000

Marking Bits: (ParMarkBitMap*) 0x000000006c1e5aa0
 Begin Bits: [0x0000000012030000, 0x0000000013830000)
 End Bits:   [0x0000000013830000, 0x0000000015030000)

Polling page: 0x00000000003d0000

CodeCache: size=245760Kb used=57572Kb max_used=58225Kb free=188187Kb
 bounds [0x0000000001f60000, 0x0000000005900000, 0x0000000010f60000]
 total_blobs=18288 nmethods=17425 adapters=772
 compilation: enabled

Compilation events (10 events):
Event: 338.608 Thread 0x0000000015d2e800 21800       2       com.android.tools.r8.graph.DexAnnotation::createMemberClassesAnnotation (65 bytes)
Event: 338.608 Thread 0x0000000015d2e800 nmethod 21800 0x00000000022c4b10 code [0x00000000022c4cc0, 0x00000000022c5198]
Event: 338.608 Thread 0x0000000015d2e800 21801       2       com.android.tools.r8.graph.DexAnnotation::createEnclosingMethodAnnotation (17 bytes)
Event: 338.609 Thread 0x0000000015d2e800 nmethod 21801 0x0000000005751ad0 code [0x0000000005751c40, 0x0000000005751e08]
Event: 338.610 Thread 0x0000000015d2e800 21802       1       com.android.tools.r8.graph.DexClass::clearEnclosingMethod (6 bytes)
Event: 338.610 Thread 0x0000000015d2e800 nmethod 21802 0x0000000005755cd0 code [0x0000000005755e20, 0x0000000005755f50]
Event: 338.616 Thread 0x0000000015d2e800 21804       2       java.util.TimSort::mergeHi (732 bytes)
Event: 338.618 Thread 0x0000000015d2e800 nmethod 21804 0x00000000057d7c90 code [0x00000000057d7f20, 0x00000000057d9638]
Event: 338.660 Thread 0x0000000015d2e800 21806       3       com.android.tools.r8.graph.DexItemFactory::assignSortedIndices (68 bytes)
Event: 338.662 Thread 0x0000000015d2e800 nmethod 21806 0x0000000004004450 code [0x0000000004004680, 0x00000000040053b8]

GC Heap History (10 events):
Event: 331.995 GC heap before
{Heap before GC invocations=23 (full 3):
 PSYoungGen      total 235008K, used 109172K [0x00000000e0000000, 0x00000000f1d00000, 0x0000000100000000)
  eden space 198656K, 36% used [0x00000000e0000000,0x00000000e47482e0,0x00000000ec200000)
  from space 36352K, 99% used [0x00000000ec880000,0x00000000eebd5108,0x00000000eec00000)
  to   space 46592K, 0% used [0x00000000eef80000,0x00000000eef80000,0x00000000f1d00000)
 ParOldGen       total 153088K, used 108391K [0x00000000a0000000, 0x00000000a9580000, 0x00000000e0000000)
  object space 153088K, 70% used [0x00000000a0000000,0x00000000a69d9f20,0x00000000a9580000)
 Metaspace       used 93381K, capacity 98263K, committed 98380K, reserved 1134592K
  class space    used 12013K, capacity 13057K, committed 13172K, reserved 1048576K
Event: 332.023 GC heap after
Heap after GC invocations=23 (full 3):
 PSYoungGen      total 243712K, used 32517K [0x00000000e0000000, 0x00000000f4480000, 0x0000000100000000)
  eden space 197120K, 0% used [0x00000000e0000000,0x00000000e0000000,0x00000000ec080000)
  from space 46592K, 69% used [0x00000000eef80000,0x00000000f0f415e0,0x00000000f1d00000)
  to   space 48128K, 0% used [0x00000000ec080000,0x00000000ec080000,0x00000000eef80000)
 ParOldGen       total 153088K, used 108399K [0x00000000a0000000, 0x00000000a9580000, 0x00000000e0000000)
  object space 153088K, 70% used [0x00000000a0000000,0x00000000a69dbf20,0x00000000a9580000)
 Metaspace       used 93381K, capacity 98263K, committed 98380K, reserved 1134592K
  class space    used 12013K, capacity 13057K, committed 13172K, reserved 1048576K
}
Event: 332.024 GC heap before
{Heap before GC invocations=24 (full 4):
 PSYoungGen      total 243712K, used 32517K [0x00000000e0000000, 0x00000000f4480000, 0x0000000100000000)
  eden space 197120K, 0% used [0x00000000e0000000,0x00000000e0000000,0x00000000ec080000)
  from space 46592K, 69% used [0x00000000eef80000,0x00000000f0f415e0,0x00000000f1d00000)
  to   space 48128K, 0% used [0x00000000ec080000,0x00000000ec080000,0x00000000eef80000)
 ParOldGen       total 153088K, used 108399K [0x00000000a0000000, 0x00000000a9580000, 0x00000000e0000000)
  object space 153088K, 70% used [0x00000000a0000000,0x00000000a69dbf20,0x00000000a9580000)
 Metaspace       used 93381K, capacity 98263K, committed 98380K, reserved 1134592K
  class space    used 12013K, capacity 13057K, committed 13172K, reserved 1048576K
Event: 332.308 GC heap after
Heap after GC invocations=24 (full 4):
 PSYoungGen      total 243712K, used 0K [0x00000000e0000000, 0x00000000f4480000, 0x0000000100000000)
  eden space 197120K, 0% used [0x00000000e0000000,0x00000000e0000000,0x00000000ec080000)
  from space 46592K, 0% used [0x00000000eef80000,0x00000000eef80000,0x00000000f1d00000)
  to   space 48128K, 0% used [0x00000000ec080000,0x00000000ec080000,0x00000000eef80000)
 ParOldGen       total 247296K, used 89913K [0x00000000a0000000, 0x00000000af180000, 0x00000000e0000000)
  object space 247296K, 36% used [0x00000000a0000000,0x00000000a57ce628,0x00000000af180000)
 Metaspace       used 92904K, capacity 97163K, committed 98380K, reserved 1134592K
  class space    used 11840K, capacity 12759K, committed 13172K, reserved 1048576K
}
Event: 332.760 GC heap before
{Heap before GC invocations=25 (full 4):
 PSYoungGen      total 243712K, used 197120K [0x00000000e0000000, 0x00000000f4480000, 0x0000000100000000)
  eden space 197120K, 100% used [0x00000000e0000000,0x00000000ec080000,0x00000000ec080000)
  from space 46592K, 0% used [0x00000000eef80000,0x00000000eef80000,0x00000000f1d00000)
  to   space 48128K, 0% used [0x00000000ec080000,0x00000000ec080000,0x00000000eef80000)
 ParOldGen       total 247296K, used 89913K [0x00000000a0000000, 0x00000000af180000, 0x00000000e0000000)
  object space 247296K, 36% used [0x00000000a0000000,0x00000000a57ce628,0x00000000af180000)
 Metaspace       used 93061K, capacity 97325K, committed 98636K, reserved 1134592K
  class space    used 11845K, capacity 12760K, committed 13172K, reserved 1048576K
Event: 332.771 GC heap after
Heap after GC invocations=25 (full 4):
 PSYoungGen      total 245248K, used 6096K [0x00000000e0000000, 0x00000000f4600000, 0x0000000100000000)
  eden space 197120K, 0% used [0x00000000e0000000,0x00000000e0000000,0x00000000ec080000)
  from space 48128K, 12% used [0x00000000ec080000,0x00000000ec674010,0x00000000eef80000)
  to   space 48640K, 0% used [0x00000000f1680000,0x00000000f1680000,0x00000000f4600000)
 ParOldGen       total 247296K, used 89921K [0x00000000a0000000, 0x00000000af180000, 0x00000000e0000000)
  object space 247296K, 36% used [0x00000000a0000000,0x00000000a57d0628,0x00000000af180000)
 Metaspace       used 93061K, capacity 97325K, committed 98636K, reserved 1134592K
  class space    used 11845K, capacity 12760K, committed 13172K, reserved 1048576K
}
Event: 335.629 GC heap before
{Heap before GC invocations=26 (full 4):
 PSYoungGen      total 245248K, used 203216K [0x00000000e0000000, 0x00000000f4600000, 0x0000000100000000)
  eden space 197120K, 100% used [0x00000000e0000000,0x00000000ec080000,0x00000000ec080000)
  from space 48128K, 12% used [0x00000000ec080000,0x00000000ec674010,0x00000000eef80000)
  to   space 48640K, 0% used [0x00000000f1680000,0x00000000f1680000,0x00000000f4600000)
 ParOldGen       total 247296K, used 89921K [0x00000000a0000000, 0x00000000af180000, 0x00000000e0000000)
  object space 247296K, 36% used [0x00000000a0000000,0x00000000a57d0628,0x00000000af180000)
 Metaspace       used 94495K, capacity 99595K, committed 99916K, reserved 1136640K
  class space    used 12058K, capacity 13039K, committed 13172K, reserved 1048576K
Event: 335.639 GC heap after
Heap after GC invocations=26 (full 4):
 PSYoungGen      total 272896K, used 11818K [0x00000000e0000000, 0x00000000f3e80000, 0x0000000100000000)
  eden space 231936K, 0% used [0x00000000e0000000,0x00000000e0000000,0x00000000ee280000)
  from space 40960K, 28% used [0x00000000f1680000,0x00000000f220a8c0,0x00000000f3e80000)
  to   space 47104K, 0% used [0x00000000ee280000,0x00000000ee280000,0x00000000f1080000)
 ParOldGen       total 247296K, used 89929K [0x00000000a0000000, 0x00000000af180000, 0x00000000e0000000)
  object space 247296K, 36% used [0x00000000a0000000,0x00000000a57d2628,0x00000000af180000)
 Metaspace       used 94495K, capacity 99595K, committed 99916K, reserved 1136640K
  class space    used 12058K, capacity 13039K, committed 13172K, reserved 1048576K
}
Event: 336.754 GC heap before
{Heap before GC invocations=27 (full 4):
 PSYoungGen      total 272896K, used 243624K [0x00000000e0000000, 0x00000000f3e80000, 0x0000000100000000)
  eden space 231936K, 99% used [0x00000000e0000000,0x00000000ee25f8a8,0x00000000ee280000)
  from space 40960K, 28% used [0x00000000f1680000,0x00000000f220a8c0,0x00000000f3e80000)
  to   space 47104K, 0% used [0x00000000ee280000,0x00000000ee280000,0x00000000f1080000)
 ParOldGen       total 247296K, used 89929K [0x00000000a0000000, 0x00000000af180000, 0x00000000e0000000)
  object space 247296K, 36% used [0x00000000a0000000,0x00000000a57d2628,0x00000000af180000)
 Metaspace       used 94740K, capacity 99873K, committed 100172K, reserved 1136640K
  class space    used 12074K, capacity 13052K, committed 13172K, reserved 1048576K
Event: 336.767 GC heap after
Heap after GC invocations=27 (full 4):
 PSYoungGen      total 279040K, used 13469K [0x00000000e0000000, 0x00000000f6080000, 0x0000000100000000)
  eden space 231936K, 0% used [0x00000000e0000000,0x00000000e0000000,0x00000000ee280000)
  from space 47104K, 28% used [0x00000000ee280000,0x00000000eefa7660,0x00000000f1080000)
  to   space 45568K, 0% used [0x00000000f3400000,0x00000000f3400000,0x00000000f6080000)
 ParOldGen       total 247296K, used 89937K [0x00000000a0000000, 0x00000000af180000, 0x00000000e0000000)
  object space 247296K, 36% used [0x00000000a0000000,0x00000000a57d4628,0x00000000af180000)
 Metaspace       used 94740K, capacity 99873K, committed 100172K, reserved 1136640K
  class space    used 12074K, capacity 13052K, committed 13172K, reserved 1048576K
}

Deoptimization events (10 events):
Event: 338.475 Thread 0x000000001ea94800 Uncommon trap: reason=class_check action=maybe_recompile pc=0x0000000004b63000 method=com.android.tools.r8.dex.DexParser.cacheAt(ILjava/util/function/Supplier;)Ljava/lang/Object; @ 32
Event: 338.475 Thread 0x000000001ea8f800 Uncommon trap: reason=class_check action=maybe_recompile pc=0x0000000004b63000 method=com.android.tools.r8.dex.DexParser.cacheAt(ILjava/util/function/Supplier;)Ljava/lang/Object; @ 32
Event: 338.475 Thread 0x000000001cdea800 Uncommon trap: reason=class_check action=maybe_recompile pc=0x0000000004b63000 method=com.android.tools.r8.dex.DexParser.cacheAt(ILjava/util/function/Supplier;)Ljava/lang/Object; @ 32
Event: 338.504 Thread 0x000000001fea5000 Uncommon trap: reason=unstable_if action=reinterpret pc=0x000000000508b284 method=com.android.tools.r8.dex.DexParser.cacheAt(ILjava/util/function/Supplier;)Ljava/lang/Object; @ 1
Event: 338.507 Thread 0x000000001cdea800 Uncommon trap: reason=unstable_if action=reinterpret pc=0x00000000051ed324 method=com.android.tools.r8.graph.DexMethod.computeEquals(Ljava/lang/Object;)Z @ 37
Event: 338.508 Thread 0x000000001fea5000 Uncommon trap: reason=unstable_if action=reinterpret pc=0x00000000021f2bc0 method=com.android.tools.r8.it.unimi.dsi.fastutil.ints.Int2ObjectOpenHashMap.get(I)Ljava/lang/Object; @ 8
Event: 338.508 Thread 0x000000001cdea800 Uncommon trap: reason=unstable_if action=reinterpret pc=0x00000000053330bc method=com.android.tools.r8.graph.DexProto.computeEquals(Ljava/lang/Object;)Z @ 23
Event: 338.511 Thread 0x000000001cdec000 Uncommon trap: reason=unstable_if action=reinterpret pc=0x0000000002af81d0 method=java.util.concurrent.ConcurrentLinkedQueue.offer(Ljava/lang/Object;)Z @ 40
Event: 338.512 Thread 0x000000001ea8f800 Uncommon trap: reason=unstable_if action=reinterpret pc=0x00000000039c4d50 method=java.util.concurrent.ConcurrentLinkedQueue.offer(Ljava/lang/Object;)Z @ 40
Event: 338.577 Thread 0x000000001cdea800 Uncommon trap: reason=unstable_if action=reinterpret pc=0x00000000057950f4 method=com.android.tools.r8.utils.IdentifierUtils.isSimpleNameChar(I)Z @ 45

Classes redefined (0 events):
No events

Internal exceptions (10 events):
Event: 336.855 Thread 0x000000001ea93000 Exception <a 'sun/nio/fs/WindowsException'> (0x00000000e0f49da8) thrown at [D:\src\AOSP-openjdk-cygwin\jdk8u\hotspot\src\share\vm\prims\jni.cpp, line 709]
Event: 337.119 Thread 0x00000000214b9800 Implicit null exception at 0x0000000004a9671c to 0x0000000004a98c41
Event: 337.232 Thread 0x00000000214b9800 Exception <a 'sun/nio/fs/WindowsException'> (0x00000000e157aaa0) thrown at [D:\src\AOSP-openjdk-cygwin\jdk8u\hotspot\src\share\vm\prims\jni.cpp, line 709]
Event: 337.781 Thread 0x00000000214b9800 Exception <a 'sun/nio/fs/WindowsException'> (0x00000000e261e4c8) thrown at [D:\src\AOSP-openjdk-cygwin\jdk8u\hotspot\src\share\vm\prims\jni.cpp, line 709]
Event: 338.475 Thread 0x000000001cdea800 Implicit null exception at 0x0000000002cebeaf to 0x0000000002cebf9d
Event: 338.475 Thread 0x000000001ea8f800 Implicit null exception at 0x0000000002cebeaf to 0x0000000002cebf9d
Event: 338.475 Thread 0x000000001ea94800 Implicit null exception at 0x0000000002cebeaf to 0x0000000002cebf9d
Event: 338.475 Thread 0x000000001cdec000 Implicit null exception at 0x0000000002cebeaf to 0x0000000002cebf9d
Event: 338.475 Thread 0x000000001ea95800 Implicit null exception at 0x0000000002cebeaf to 0x0000000002cebf9d
Event: 338.475 Thread 0x000000001ea94000 Implicit null exception at 0x0000000002cebeaf to 0x0000000002cebf9d

Events (10 events):
Event: 338.654 Thread 0x00000000214b9800 DEOPT PACKING pc=0x00000000057d9351 sp=0x000000002606cd30
Event: 338.654 Thread 0x00000000214b9800 DEOPT UNPACKING pc=0x0000000001fa75d0 sp=0x000000002606caa8 mode 0
Event: 338.658 Thread 0x00000000214b9800 DEOPT PACKING pc=0x00000000057d9351 sp=0x000000002606cd30
Event: 338.658 Thread 0x00000000214b9800 DEOPT UNPACKING pc=0x0000000001fa75d0 sp=0x000000002606caa8 mode 0
Event: 338.674 Thread 0x00000000214b9800 DEOPT PACKING pc=0x00000000057d9351 sp=0x000000002606cce0
Event: 338.674 Thread 0x00000000214b9800 DEOPT UNPACKING pc=0x0000000001fa75d0 sp=0x000000002606ca58 mode 0
Event: 338.680 Thread 0x00000000214b9800 DEOPT PACKING pc=0x00000000057d9351 sp=0x000000002606cce0
Event: 338.680 Thread 0x00000000214b9800 DEOPT UNPACKING pc=0x0000000001fa75d0 sp=0x000000002606ca58 mode 0
Event: 338.685 Thread 0x00000000214b9800 DEOPT PACKING pc=0x00000000057d9351 sp=0x000000002606cce0
Event: 338.685 Thread 0x00000000214b9800 DEOPT UNPACKING pc=0x0000000001fa75d0 sp=0x000000002606ca58 mode 0


Dynamic libraries:
0x00007ff7eb5c0000 - 0x00007ff7eb5f1000 	C:\Program Files\Android\Android Studio\jre\bin\java.exe
0x00007ffcdf340000 - 0x00007ffcdf4ec000 	C:\WINDOWS\SYSTEM32\ntdll.dll
0x00007ffcde030000 - 0x00007ffcde16e000 	C:\WINDOWS\system32\KERNEL32.DLL
0x00007ffcdc8a0000 - 0x00007ffcdc9b5000 	C:\WINDOWS\system32\KERNELBASE.dll
0x00007ffcde530000 - 0x00007ffcde5da000 	C:\WINDOWS\system32\ADVAPI32.dll
0x00007ffcdea80000 - 0x00007ffcdebf7000 	C:\WINDOWS\system32\USER32.dll
0x00007ffcda8d0000 - 0x00007ffcdab4b000 	C:\WINDOWS\WinSxS\amd64_microsoft.windows.common-controls_6595b64144ccf1df_6.0.9600.18006_none_623f33d3ecbe86e8\COMCTL32.dll
0x00007ffcdec00000 - 0x00007ffcdecaa000 	C:\WINDOWS\system32\msvcrt.dll
0x00007ffcddfd0000 - 0x00007ffcde029000 	C:\WINDOWS\SYSTEM32\sechost.dll
0x00007ffcdf1f0000 - 0x00007ffcdf331000 	C:\WINDOWS\system32\RPCRT4.dll
0x00007ffcdeee0000 - 0x00007ffcdf02f000 	C:\WINDOWS\system32\GDI32.dll
0x00007ffcded70000 - 0x00007ffcdeda6000 	C:\WINDOWS\system32\IMM32.DLL
0x00007ffcdf090000 - 0x00007ffcdf1e2000 	C:\WINDOWS\system32\MSCTF.dll
0x000000006c340000 - 0x000000006c412000 	C:\Program Files\Android\Android Studio\jre\jre\bin\msvcr100.dll
0x000000006ba20000 - 0x000000006c261000 	C:\Program Files\Android\Android Studio\jre\jre\bin\server\jvm.dll
0x00007ffcd0db0000 - 0x00007ffcd0db9000 	C:\WINDOWS\SYSTEM32\WSOCK32.dll
0x00007ffcd7c90000 - 0x00007ffcd7cb2000 	C:\WINDOWS\SYSTEM32\WINMM.dll
0x00007ffcd9540000 - 0x00007ffcd954a000 	C:\WINDOWS\SYSTEM32\VERSION.dll
0x00007ffcde500000 - 0x00007ffcde507000 	C:\WINDOWS\system32\PSAPI.DLL
0x00007ffcdf030000 - 0x00007ffcdf08a000 	C:\WINDOWS\system32\WS2_32.dll
0x00007ffcd75f0000 - 0x00007ffcd761a000 	C:\WINDOWS\SYSTEM32\WINMMBASE.dll
0x00007ffcde520000 - 0x00007ffcde529000 	C:\WINDOWS\system32\NSI.dll
0x00007ffcdc740000 - 0x00007ffcdc78f000 	C:\WINDOWS\SYSTEM32\cfgmgr32.dll
0x00007ffcdb290000 - 0x00007ffcdb2b8000 	C:\WINDOWS\SYSTEM32\DEVOBJ.dll
0x00007ffcdb0b0000 - 0x00007ffcdb0bf000 	C:\Program Files\Android\Android Studio\jre\jre\bin\verify.dll
0x00007ffcda2b0000 - 0x00007ffcda2d9000 	C:\Program Files\Android\Android Studio\jre\jre\bin\java.dll
0x00007ffcd4500000 - 0x00007ffcd4516000 	C:\Program Files\Android\Android Studio\jre\jre\bin\zip.dll
0x00007ffcdc9c0000 - 0x00007ffcddeeb000 	C:\WINDOWS\system32\SHELL32.dll
0x00007ffcde6a0000 - 0x00007ffcde8b1000 	C:\WINDOWS\SYSTEM32\combase.dll
0x00007ffcde5e0000 - 0x00007ffcde634000 	C:\WINDOWS\system32\SHLWAPI.dll
0x00007ffcdad50000 - 0x00007ffcdae02000 	C:\WINDOWS\SYSTEM32\SHCORE.dll
0x00007ffcdc490000 - 0x00007ffcdc4a5000 	C:\WINDOWS\SYSTEM32\profapi.dll
0x00007ffcd44e0000 - 0x00007ffcd44fa000 	C:\Program Files\Android\Android Studio\jre\jre\bin\net.dll
0x00007ffcdbca0000 - 0x00007ffcdbcf9000 	C:\WINDOWS\system32\mswsock.dll
0x00007ffcd44c0000 - 0x00007ffcd44d1000 	C:\Program Files\Android\Android Studio\jre\jre\bin\nio.dll
0x00007ffcd3a10000 - 0x00007ffcd3a2e000 	C:\Users\Caio\.gradle\native\25\windows-amd64\native-platform.dll
0x00007ffcdb0a0000 - 0x00007ffcdb0ad000 	C:\Program Files\Android\Android Studio\jre\jre\bin\management.dll
0x00007ffcdbd00000 - 0x00007ffcdbd20000 	C:\WINDOWS\SYSTEM32\CRYPTSP.dll
0x00007ffcdb920000 - 0x00007ffcdb956000 	C:\WINDOWS\system32\rsaenh.dll
0x00007ffcdbf50000 - 0x00007ffcdbf76000 	C:\WINDOWS\SYSTEM32\bcrypt.dll
0x00007ffcdba30000 - 0x00007ffcdba51000 	C:\WINDOWS\SYSTEM32\USERENV.dll
0x00007ffcdc290000 - 0x00007ffcdc2f3000 	C:\WINDOWS\system32\bcryptprimitives.dll
0x00007ffcdc400000 - 0x00007ffcdc40b000 	C:\WINDOWS\SYSTEM32\CRYPTBASE.dll
0x00007ffcd6810000 - 0x00007ffcd683a000 	C:\WINDOWS\SYSTEM32\IPHLPAPI.DLL
0x00007ffcd67d0000 - 0x00007ffcd67da000 	C:\WINDOWS\SYSTEM32\WINNSI.DLL
0x00007ffcd61a0000 - 0x00007ffcd61b6000 	C:\WINDOWS\SYSTEM32\dhcpcsvc6.DLL
0x00007ffcd6180000 - 0x00007ffcd619a000 	C:\WINDOWS\SYSTEM32\dhcpcsvc.DLL
0x00007ffcd5340000 - 0x00007ffcd5372000 	C:\WINDOWS\SYSTEM32\ntmarta.dll
0x00007ffcda720000 - 0x00007ffcda7ae000 	C:\WINDOWS\system32\apphelp.dll

VM Arguments:
jvm_args: -Xmx1536m -Dfile.encoding=windows-1252 -Duser.country=BR -Duser.language=pt -Duser.variant 
java_command: org.gradle.launcher.daemon.bootstrap.GradleDaemon 4.6
java_class_path (initial): C:\Users\Caio\.gradle\wrapper\dists\gradle-4.6-all\bcst21l2brirad8k2ben1letg\gradle-4.6\lib\gradle-launcher-4.6.jar
Launcher Type: SUN_STANDARD

Environment Variables:
JAVA_HOME=C:\Program Files\Java\jdk1.8.0_151
PATH=C:\Program Files (x86)\Common Files\Oracle\Java\javapath;C:\ProgramData\Oracle\Java\javapath;C:\Program Files (x86)\NVIDIA Corporation\PhysX\Common;C:\Program Files (x86)\Intel\iCLS Client\;C:\Program Files\Intel\iCLS Client\;C:\WINDOWS\system32;C:\WINDOWS;C:\WINDOWS\System32\Wbem;C:\WINDOWS\System32\WindowsPowerShell\v1.0\;C:\Program Files (x86)\Intel\OpenCL SDK\2.0\bin\x86;C:\Program Files (x86)\Intel\OpenCL SDK\2.0\bin\x64;C:\Program Files (x86)\Windows Live\Shared;C:\Program Files\Intel\Intel(R) Management Engine Components\DAL;C:\Program Files\Intel\Intel(R) Management Engine Components\IPT;C:\Program Files (x86)\Intel\Intel(R) Management Engine Components\DAL;C:\Program Files (x86)\Intel\Intel(R) Management Engine Components\IPT;C:\altera\15.0\quartus\bin;C:\Users\Caio\Desktop\Programas\Paradigmas\haskell\ghc-7.10.1\bin;C:\Program Files (x86)\MySQL\MySQL Fabric 1.5 & MySQL Utilities 1.5\;C:\Program Files (x86)\MySQL\MySQL Fabric 1.5 & MySQL Utilities 1.5\Doctrine extensions for PHP\;C:\WINDOWS\system32\config\systemprofile\.dnx\bin;C:\Program Files\Microsoft DNX\Dnvm\;C:\Program Files\Microsoft SQL Server\130\Tools\Binn\;C:\Program Files (x86)\Windows Kits\8.1\Windows Performance Toolkit\;C:\Go\bin;C:\Program Files\MiKTeX 2.9\miktex\bin\x64\;C:\Users\Caio\AppData\Local\Programs\Python\Python35-32\python.exe;C:\Program Files\Java\jdk1.8.0_151;C:\Program Files\Git\cmd;C:\Program Files (x86)\sbt\bin;C:\Program Files\TortoiseGit\bin;C:\Modeltech_pe_edu_10.4a\win32pe_edu;c:\altera\10.1\modelsim_ase\win32aloem;C:\Users\Caio\Desktop\Programas\Paradigmas\haskell\ghc-7.10.1\bin;C:\altera\15.0\modelsim_ase\win32aloem;GRADLE_HOME/bin
USERNAME=Caio
OS=Windows_NT
PROCESSOR_IDENTIFIER=Intel64 Family 6 Model 58 Stepping 9, GenuineIntel



---------------  S Y S T E M  ---------------

OS: Windows 8.1 , 64 bit Build 9600 (6.3.9600.17415)

CPU:total 8 (initial active 8) (4 cores per cpu, 2 threads per core) family 6 model 58 stepping 9, cmov, cx8, fxsr, mmx, sse, sse2, sse3, ssse3, sse4.1, sse4.2, popcnt, avx, aes, clmul, erms, ht, tsc, tscinvbit, tscinv

Memory: 4k page, physical 8273276k(2131524k free), swap 8273280k(5408k free)

vm_info: OpenJDK 64-Bit Server VM (25.152-b06) for windows-amd64 JRE (1.8.0_152-release-1136-b06), built by "builder" with MS VC++ 10.0 (VS2010)

time: Sat Nov 17 10:15:49 2018
elapsed time: 338 seconds (0d 0h 5m 38s)

