#
# There is insufficient memory for the Java Runtime Environment to continue.
# Native memory allocation (malloc) failed to allocate 981936 bytes for Chunk::new
# Possible reasons:
#   The system is out of physical RAM or swap space
#   In 32 bit mode, the process size limit was hit
# Possible solutions:
#   Reduce memory load on the system
#   Increase physical memory or swap space
#   Check if swap backing store is full
#   Use 64 bit Java on a 64 bit OS
#   Decrease Java heap size (-Xmx/-Xms)
#   Decrease number of Java threads
#   Decrease Java thread stack sizes (-Xss)
#   Set larger code cache with -XX:ReservedCodeCacheSize=
# This output file may be truncated or incomplete.
#
#  Out of Memory Error (allocation.cpp:390), pid=6456, tid=0x0000000000001868
#
# JRE version: OpenJDK Runtime Environment (8.0_152-b06) (build 1.8.0_152-release-1136-b06)
# Java VM: OpenJDK 64-Bit Server VM (25.152-b06 mixed mode windows-amd64 compressed oops)
# Failed to write core dump. Minidumps are not enabled by default on client versions of Windows
#

---------------  T H R E A D  ---------------

Current thread (0x0000000019336000):  JavaThread "C2 CompilerThread2" daemon [_thread_in_native, id=6248, stack(0x0000000019ec0000,0x0000000019fc0000)]

Stack: [0x0000000019ec0000,0x0000000019fc0000]
[error occurred during error reporting (printing stack bounds), id 0xc0000005]

Native frames: (J=compiled Java code, j=interpreted, Vv=VM code, C=native code)


Current CompileTask:
C2:   4586 4213       4       java.security.SecureClassLoader::defineClass (16 bytes)


---------------  P R O C E S S  ---------------

Java Threads: ( => current thread )
  0x0000000019355000 
[error occurred during error reporting (printing all threads), id 0xc0000005]

VM state:at safepoint (normal execution)

VM Mutex/Monitor currently owned by a thread:  ([mutex/lock_event])
[0x00000000023c27d0] Threads_lock - owner thread: 0x0000000017435800
[0x00000000023c2fd0] Heap_lock - owner thread: 0x00000000023c5800

Heap:
 PSYoungGen      total 79872K, used 10633K [0x00000000d5f00000, 0x00000000dd180000, 0x0000000100000000)
  eden space 63488K, 0% used [0x00000000d5f00000,0x00000000d5f00000,0x00000000d9d00000)
  from space 16384K, 64% used [0x00000000d9d00000,0x00000000da7627d8,0x00000000dad00000)
  to   space 15360K, 0% used [0x00000000dc280000,0x00000000dc280000,0x00000000dd180000)
 ParOldGen       total 116736K, used 20055K [0x0000000081c00000, 0x0000000088e00000, 0x00000000d5f00000)
  object space 116736K, 17% used [0x0000000081c00000,0x0000000082f95f38,0x0000000088e00000)
 Metaspace       used 38660K, capacity 39292K, committed 39592K, reserved 1089536K
  class space    used 4810K, capacity 4957K, committed 5040K, reserved 1048576K

Card table byte_map: [0x0000000011880000,0x0000000011c80000] byte_map_base: 0x0000000011472000

Marking Bits: (ParMarkBitMap*) 0x0000000065145aa0
 Begin Bits: [0x0000000012730000, 0x00000000146c0000)
 End Bits:   [0x00000000146c0000, 0x0000000016650000)

Polling page: 0x0000000000940000

CodeCache: size=245760Kb used=13914Kb max_used=13914Kb free=231845Kb
 bounds [0x00000000024c0000, 0x0000000003270000, 0x00000000114c0000]
 total_blobs=4754 nmethods=4312 adapters=354
 compilation: enabled

Compilation events (10 events):
Event: 4.500 Thread 0x000000001933d000 4283       3       org.jetbrains.kotlin.metadata.ProtoBuf$Annotation::writeTo (72 bytes)
Event: 4.501 Thread 0x000000001933d000 nmethod 4283 0x0000000003248510 code [0x0000000003248780, 0x0000000003249b38]
Event: 4.501 Thread 0x000000001933d000 4285       1       org.jetbrains.kotlin.resolve.QualifiedExpressionResolver$QualifierPart::getExpression (2 bytes)
Event: 4.501 Thread 0x000000001933d000 nmethod 4285 0x0000000003248250 code [0x00000000032483a0, 0x00000000032484b0]
Event: 4.503 Thread 0x000000001933d000 4287       3       org.jetbrains.kotlin.com.intellij.util.containers.ContainerUtil::find (62 bytes)
Event: 4.503 Thread 0x000000001933d000 nmethod 4287 0x0000000003247ad0 code [0x0000000003247c60, 0x0000000003248088]
Event: 4.504 Thread 0x000000001933d000 4288       3       org.jetbrains.kotlin.resolve.jvm.JvmClassName::byClassId (79 bytes)
Event: 4.505 Thread 0x000000001933d000 nmethod 4288 0x000000000324e850 code [0x000000000324eac0, 0x000000000324fe98]
Event: 4.505 Thread 0x000000001933d000 4289       3       org.jetbrains.kotlin.metadata.jvm.JvmProtoBuf$StringTableTypes$Record$Operation::valueOf (42 bytes)
Event: 4.505 Thread 0x000000001933d000 nmethod 4289 0x0000000003247750 code [0x00000000032478c0, 0x0000000003247a50]

GC Heap History (10 events):
Event: 1.342 GC heap before
{Heap before GC invocations=4 (full 1):
 PSYoungGen      total 38400K, used 5104K [0x00000000d5f00000, 0x00000000daa00000, 0x0000000100000000)
  eden space 33280K, 0% used [0x00000000d5f00000,0x00000000d5f00000,0x00000000d7f80000)
  from space 5120K, 99% used [0x00000000d7f80000,0x00000000d847c030,0x00000000d8480000)
  to   space 5120K, 0% used [0x00000000da500000,0x00000000da500000,0x00000000daa00000)
 ParOldGen       total 87552K, used 11563K [0x0000000081c00000, 0x0000000087180000, 0x00000000d5f00000)
  object space 87552K, 13% used [0x0000000081c00000,0x000000008274ac50,0x0000000087180000)
 Metaspace       used 20762K, capacity 21124K, committed 21296K, reserved 1067008K
  class space    used 2667K, capacity 2818K, committed 2864K, reserved 1048576K
Event: 1.368 GC heap after
Heap after GC invocations=4 (full 1):
 PSYoungGen      total 38400K, used 0K [0x00000000d5f00000, 0x00000000daa00000, 0x0000000100000000)
  eden space 33280K, 0% used [0x00000000d5f00000,0x00000000d5f00000,0x00000000d7f80000)
  from space 5120K, 0% used [0x00000000d7f80000,0x00000000d7f80000,0x00000000d8480000)
  to   space 5120K, 0% used [0x00000000da500000,0x00000000da500000,0x00000000daa00000)
 ParOldGen       total 67072K, used 8228K [0x0000000081c00000, 0x0000000085d80000, 0x00000000d5f00000)
  object space 67072K, 12% used [0x0000000081c00000,0x0000000082409168,0x0000000085d80000)
 Metaspace       used 20762K, capacity 21124K, committed 21296K, reserved 1067008K
  class space    used 2667K, capacity 2818K, committed 2864K, reserved 1048576K
}
Event: 2.569 GC heap before
{Heap before GC invocations=5 (full 1):
 PSYoungGen      total 38400K, used 33280K [0x00000000d5f00000, 0x00000000daa00000, 0x0000000100000000)
  eden space 33280K, 100% used [0x00000000d5f00000,0x00000000d7f80000,0x00000000d7f80000)
  from space 5120K, 0% used [0x00000000d7f80000,0x00000000d7f80000,0x00000000d8480000)
  to   space 5120K, 0% used [0x00000000da500000,0x00000000da500000,0x00000000daa00000)
 ParOldGen       total 67072K, used 8228K [0x0000000081c00000, 0x0000000085d80000, 0x00000000d5f00000)
  object space 67072K, 12% used [0x0000000081c00000,0x0000000082409168,0x0000000085d80000)
 Metaspace       used 24418K, capacity 24828K, committed 25136K, reserved 1071104K
  class space    used 3127K, capacity 3250K, committed 3376K, reserved 1048576K
Event: 2.574 GC heap after
Heap after GC invocations=5 (full 1):
 PSYoungGen      total 51200K, used 5114K [0x00000000d5f00000, 0x00000000daa00000, 0x0000000100000000)
  eden space 46080K, 0% used [0x00000000d5f00000,0x00000000d5f00000,0x00000000d8c00000)
  from space 5120K, 99% used [0x00000000da500000,0x00000000da9feaf8,0x00000000daa00000)
  to   space 5120K, 0% used [0x00000000da000000,0x00000000da000000,0x00000000da500000)
 ParOldGen       total 67072K, used 11061K [0x0000000081c00000, 0x0000000085d80000, 0x00000000d5f00000)
  object space 67072K, 16% used [0x0000000081c00000,0x00000000826cd5a8,0x0000000085d80000)
 Metaspace       used 24418K, capacity 24828K, committed 25136K, reserved 1071104K
  class space    used 3127K, capacity 3250K, committed 3376K, reserved 1048576K
}
Event: 3.269 GC heap before
{Heap before GC invocations=6 (full 1):
 PSYoungGen      total 51200K, used 51194K [0x00000000d5f00000, 0x00000000daa00000, 0x0000000100000000)
  eden space 46080K, 100% used [0x00000000d5f00000,0x00000000d8c00000,0x00000000d8c00000)
  from space 5120K, 99% used [0x00000000da500000,0x00000000da9feaf8,0x00000000daa00000)
  to   space 5120K, 0% used [0x00000000da000000,0x00000000da000000,0x00000000da500000)
 ParOldGen       total 67072K, used 11061K [0x0000000081c00000, 0x0000000085d80000, 0x00000000d5f00000)
  object space 67072K, 16% used [0x0000000081c00000,0x00000000826cd5a8,0x0000000085d80000)
 Metaspace       used 32540K, capacity 33008K, committed 33200K, reserved 1079296K
  class space    used 4131K, capacity 4272K, committed 4272K, reserved 1048576K
Event: 3.279 GC heap after
Heap after GC invocations=6 (full 1):
 PSYoungGen      total 69120K, used 5107K [0x00000000d5f00000, 0x00000000dbc80000, 0x0000000100000000)
  eden space 64000K, 0% used [0x00000000d5f00000,0x00000000d5f00000,0x00000000d9d80000)
  from space 5120K, 99% used [0x00000000da000000,0x00000000da4fcea0,0x00000000da500000)
  to   space 15872K, 0% used [0x00000000dad00000,0x00000000dad00000,0x00000000dbc80000)
 ParOldGen       total 67072K, used 22747K [0x0000000081c00000, 0x0000000085d80000, 0x00000000d5f00000)
  object space 67072K, 33% used [0x0000000081c00000,0x0000000083236fb0,0x0000000085d80000)
 Metaspace       used 32540K, capacity 33008K, committed 33200K, reserved 1079296K
  class space    used 4131K, capacity 4272K, committed 4272K, reserved 1048576K
}
Event: 3.644 GC heap before
{Heap before GC invocations=7 (full 1):
 PSYoungGen      total 69120K, used 44700K [0x00000000d5f00000, 0x00000000dbc80000, 0x0000000100000000)
  eden space 64000K, 61% used [0x00000000d5f00000,0x00000000d85aa3f0,0x00000000d9d80000)
  from space 5120K, 99% used [0x00000000da000000,0x00000000da4fcea0,0x00000000da500000)
  to   space 15872K, 0% used [0x00000000dad00000,0x00000000dad00000,0x00000000dbc80000)
 ParOldGen       total 67072K, used 22747K [0x0000000081c00000, 0x0000000085d80000, 0x00000000d5f00000)
  object space 67072K, 33% used [0x0000000081c00000,0x0000000083236fb0,0x0000000085d80000)
 Metaspace       used 34682K, capacity 35195K, committed 35496K, reserved 1081344K
  class space    used 4368K, capacity 4506K, committed 4528K, reserved 1048576K
Event: 3.651 GC heap after
Heap after GC invocations=7 (full 1):
 PSYoungGen      total 79360K, used 12177K [0x00000000d5f00000, 0x00000000dd800000, 0x0000000100000000)
  eden space 63488K, 0% used [0x00000000d5f00000,0x00000000d5f00000,0x00000000d9d00000)
  from space 15872K, 76% used [0x00000000dad00000,0x00000000db8e4568,0x00000000dbc80000)
  to   space 16384K, 0% used [0x00000000d9d00000,0x00000000d9d00000,0x00000000dad00000)
 ParOldGen       total 67072K, used 22755K [0x0000000081c00000, 0x0000000085d80000, 0x00000000d5f00000)
  object space 67072K, 33% used [0x0000000081c00000,0x0000000083238fb0,0x0000000085d80000)
 Metaspace       used 34682K, capacity 35195K, committed 35496K, reserved 1081344K
  class space    used 4368K, capacity 4506K, committed 4528K, reserved 1048576K
}
Event: 3.651 GC heap before
{Heap before GC invocations=8 (full 2):
 PSYoungGen      total 79360K, used 12177K [0x00000000d5f00000, 0x00000000dd800000, 0x0000000100000000)
  eden space 63488K, 0% used [0x00000000d5f00000,0x00000000d5f00000,0x00000000d9d00000)
  from space 15872K, 76% used [0x00000000dad00000,0x00000000db8e4568,0x00000000dbc80000)
  to   space 16384K, 0% used [0x00000000d9d00000,0x00000000d9d00000,0x00000000dad00000)
 ParOldGen       total 67072K, used 22755K [0x0000000081c00000, 0x0000000085d80000, 0x00000000d5f00000)
  object space 67072K, 33% used [0x0000000081c00000,0x0000000083238fb0,0x0000000085d80000)
 Metaspace       used 34682K, capacity 35195K, committed 35496K, reserved 1081344K
  class space    used 4368K, capacity 4506K, committed 4528K, reserved 1048576K
Event: 3.712 GC heap after
Heap after GC invocations=8 (full 2):
 PSYoungGen      total 79360K, used 0K [0x00000000d5f00000, 0x00000000dd800000, 0x0000000100000000)
  eden space 63488K, 0% used [0x00000000d5f00000,0x00000000d5f00000,0x00000000d9d00000)
  from space 15872K, 0% used [0x00000000dad00000,0x00000000dad00000,0x00000000dbc80000)
  to   space 16384K, 0% used [0x00000000d9d00000,0x00000000d9d00000,0x00000000dad00000)
 ParOldGen       total 116736K, used 20047K [0x0000000081c00000, 0x0000000088e00000, 0x00000000d5f00000)
  object space 116736K, 17% used [0x0000000081c00000,0x0000000082f93f38,0x0000000088e00000)
 Metaspace       used 34682K, capacity 35195K, committed 35496K, reserved 1081344K
  class space    used 4368K, capacity 4506K, committed 4528K, reserved 1048576K
}

Deoptimization events (10 events):
Event: 4.110 Thread 0x00000000023c5800 Uncommon trap: reason=unstable_if action=reinterpret pc=0x0000000002676e58 method=sun.misc.MetaIndex.mayContain(Ljava/lang/String;)Z @ 38
Event: 4.134 Thread 0x00000000023c5800 Uncommon trap: reason=unstable_if action=reinterpret pc=0x0000000002ebb978 method=java.util.regex.Pattern$Start.match(Ljava/util/regex/Matcher;ILjava/lang/CharSequence;)Z @ 10
Event: 4.343 Thread 0x00000000023c5800 Uncommon trap: reason=predicate action=maybe_recompile pc=0x000000000306b0c4 method=java.util.AbstractCollection.addAll(Ljava/util/Collection;)Z @ 18
Event: 4.373 Thread 0x00000000023c5800 Uncommon trap: reason=class_check action=maybe_recompile pc=0x0000000003140054 method=org.jetbrains.kotlin.load.java.lazy.descriptors.LazyJavaScope.getFunctionNamesLazy()Ljava/util/Set; @ 13
Event: 4.373 Thread 0x00000000023c5800 Uncommon trap: reason=class_check action=maybe_recompile pc=0x0000000003140054 method=org.jetbrains.kotlin.load.java.lazy.descriptors.LazyJavaScope.getFunctionNamesLazy()Ljava/util/Set; @ 13
Event: 4.375 Thread 0x00000000023c5800 Uncommon trap: reason=class_check action=maybe_recompile pc=0x0000000003140054 method=org.jetbrains.kotlin.load.java.lazy.descriptors.LazyJavaScope.getFunctionNamesLazy()Ljava/util/Set; @ 13
Event: 4.375 Thread 0x00000000023c5800 Uncommon trap: reason=class_check action=maybe_recompile pc=0x0000000003140054 method=org.jetbrains.kotlin.load.java.lazy.descriptors.LazyJavaScope.getFunctionNamesLazy()Ljava/util/Set; @ 13
Event: 4.410 Thread 0x00000000023c5800 Uncommon trap: reason=class_check action=maybe_recompile pc=0x00000000031184ac method=org.jetbrains.kotlin.name.FqNameUnsafe.equals(Ljava/lang/Object;)Z @ 8
Event: 4.410 Thread 0x00000000023c5800 Uncommon trap: reason=class_check action=maybe_recompile pc=0x00000000031184ac method=org.jetbrains.kotlin.name.FqNameUnsafe.equals(Ljava/lang/Object;)Z @ 8
Event: 4.478 Thread 0x00000000023c5800 Uncommon trap: reason=unstable_if action=reinterpret pc=0x0000000002d0f79c method=org.jetbrains.kotlin.gnu.trove.TObjectHash.insertionIndex(Ljava/lang/Object;)I @ 80

Classes redefined (0 events):
No events

Internal exceptions (10 events):
Event: 0.860 Thread 0x00000000023c5800 Implicit null exception at 0x00000000028cccbb to 0x00000000028cd2f1
Event: 0.988 Thread 0x00000000023c5800 Exception <a 'java/lang/NoSuchMethodError': java.lang.Object.lambda$comparing$77a9974f$1(Ljava/util/function/Function;Ljava/lang/Object;Ljava/lang/Object;)I> (0x00000000d771a980) thrown at [D:\src\AOSP-openjdk-cygwin\jdk8u\hotspot\src\share\vm\interpreter
Event: 1.065 Thread 0x00000000023c5800 Exception <a 'java/lang/ArrayIndexOutOfBoundsException': 67> (0x00000000d7c49f58) thrown at [D:\src\AOSP-openjdk-cygwin\jdk8u\hotspot\src\share\vm\interpreter\interpreterRuntime.cpp, line 366]
Event: 1.189 Thread 0x00000000023c5800 Exception <a 'java/lang/NoSuchMethodError': java.lang.Object.lambda$static$0(I)[Lorg/jetbrains/kotlin/com/intellij/openapi/editor/event/DocumentListener;> (0x00000000d6439c78) thrown at [D:\src\AOSP-openjdk-cygwin\jdk8u\hotspot\src\share\vm\interpreter\li
Event: 1.210 Thread 0x00000000023c5800 Exception <a 'java/lang/NoSuchMethodError': java.lang.Object.lambda$static$0(I)[Lorg/jetbrains/kotlin/com/intellij/psi/PsiAnnotation;> (0x00000000d6601b38) thrown at [D:\src\AOSP-openjdk-cygwin\jdk8u\hotspot\src\share\vm\interpreter\linkResolver.cpp, line
Event: 3.084 Thread 0x00000000023c5800 Exception <a 'java/lang/NoSuchMethodError': java.lang.Object.lambda$static$0(I)[Lorg/jetbrains/kotlin/psi/KtExpression;> (0x00000000d81d8cc0) thrown at [D:\src\AOSP-openjdk-cygwin\jdk8u\hotspot\src\share\vm\interpreter\linkResolver.cpp, line 584]
Event: 3.127 Thread 0x00000000023c5800 Exception <a 'java/lang/NoSuchMethodError': java.lang.Object.lambda$static$0(I)[Lorg/jetbrains/kotlin/psi/KtDeclaration;> (0x00000000d848d7f8) thrown at [D:\src\AOSP-openjdk-cygwin\jdk8u\hotspot\src\share\vm\interpreter\linkResolver.cpp, line 584]
Event: 3.136 Thread 0x00000000023c5800 Exception <a 'java/lang/NoSuchMethodError': java.lang.Object.lambda$static$0(I)[Lorg/jetbrains/kotlin/com/intellij/psi/PsiElement;> (0x00000000d84fdfc0) thrown at [D:\src\AOSP-openjdk-cygwin\jdk8u\hotspot\src\share\vm\interpreter\linkResolver.cpp, line 58
Event: 3.146 Thread 0x00000000023c5800 Exception <a 'java/lang/NoSuchMethodError': java.lang.Object.lambda$static$0(I)[Lorg/jetbrains/kotlin/psi/KtTypeElement;> (0x00000000d85ca190) thrown at [D:\src\AOSP-openjdk-cygwin\jdk8u\hotspot\src\share\vm\interpreter\linkResolver.cpp, line 584]
Event: 3.626 Thread 0x00000000023c5800 Exception <a 'java/lang/NoSuchMethodError': java.lang.Object.lambda$static$0(I)[Lorg/jetbrains/kotlin/com/intellij/psi/PsiClass;> (0x00000000d832d3c0) thrown at [D:\src\AOSP-openjdk-cygwin\jdk8u\hotspot\src\share\vm\interpreter\linkResolver.cpp, line 584]

Events (10 events):
Event: 4.472 loading class org/jetbrains/kotlin/resolve/calls/tower/TowerData$ForLookupForNoExplicitReceiver done
Event: 4.472 loading class org/jetbrains/kotlin/resolve/calls/tower/ImportingScopeBasedTowerLevel
Event: 4.472 loading class org/jetbrains/kotlin/resolve/calls/tower/ImportingScopeBasedTowerLevel done
Event: 4.472 loading class org/jetbrains/kotlin/resolve/scopes/MemberScopeKt
Event: 4.472 loading class org/jetbrains/kotlin/resolve/scopes/MemberScopeKt done
Event: 4.476 loading class org/jetbrains/kotlin/resolve/AllUnderImportScope
Event: 4.476 loading class org/jetbrains/kotlin/resolve/AllUnderImportScope done
Event: 4.478 Thread 0x00000000023c5800 Uncommon trap: trap_request=0xffffff65 fr.pc=0x0000000002d0f79c
Event: 4.478 Thread 0x00000000023c5800 DEOPT PACKING pc=0x0000000002d0f79c sp=0x00000000023bbc40
Event: 4.478 Thread 0x00000000023c5800 DEOPT UNPACKING pc=0x000000000250557b sp=0x00000000023bbbc0 mode 2


Dynamic libraries:
0x00007ff731650000 - 0x00007ff731681000 	C:\Program Files\Android\Android Studio\jre\jre\bin\java.exe
0x00007ff87da80000 - 0x00007ff87dc2c000 	C:\WINDOWS\SYSTEM32\ntdll.dll
0x00007ff87b8d0000 - 0x00007ff87ba0e000 	C:\WINDOWS\system32\KERNEL32.DLL
0x00007ff87aca0000 - 0x00007ff87adb5000 	C:\WINDOWS\system32\KERNELBASE.dll
0x00007ff87c310000 - 0x00007ff87c3ba000 	C:\WINDOWS\system32\ADVAPI32.dll
0x00007ff87bff0000 - 0x00007ff87c167000 	C:\WINDOWS\system32\USER32.dll
0x00007ff878f30000 - 0x00007ff8791ab000 	C:\WINDOWS\WinSxS\amd64_microsoft.windows.common-controls_6595b64144ccf1df_6.0.9600.18006_none_623f33d3ecbe86e8\COMCTL32.dll
0x00007ff87c180000 - 0x00007ff87c22a000 	C:\WINDOWS\system32\msvcrt.dll
0x00007ff87bf20000 - 0x00007ff87bf79000 	C:\WINDOWS\SYSTEM32\sechost.dll
0x00007ff87bdd0000 - 0x00007ff87bf11000 	C:\WINDOWS\system32\RPCRT4.dll
0x00007ff87b780000 - 0x00007ff87b8cf000 	C:\WINDOWS\system32\GDI32.dll
0x00007ff87d8f0000 - 0x00007ff87d926000 	C:\WINDOWS\system32\IMM32.DLL
0x00007ff87ba10000 - 0x00007ff87bb62000 	C:\WINDOWS\system32\MSCTF.dll
0x0000000064110000 - 0x00000000641e2000 	C:\Program Files\Android\Android Studio\jre\jre\bin\msvcr100.dll
0x0000000064980000 - 0x00000000651c1000 	C:\Program Files\Android\Android Studio\jre\jre\bin\server\jvm.dll
0x00007ff86f080000 - 0x00007ff86f089000 	C:\WINDOWS\SYSTEM32\WSOCK32.dll
0x00007ff878410000 - 0x00007ff878432000 	C:\WINDOWS\SYSTEM32\WINMM.dll
0x00007ff8784b0000 - 0x00007ff8784ba000 	C:\WINDOWS\SYSTEM32\VERSION.dll
0x00007ff87c170000 - 0x00007ff87c177000 	C:\WINDOWS\system32\PSAPI.DLL
0x00007ff87d930000 - 0x00007ff87d98a000 	C:\WINDOWS\system32\WS2_32.dll
0x00007ff8783e0000 - 0x00007ff87840a000 	C:\WINDOWS\SYSTEM32\WINMMBASE.dll
0x00007ff87b590000 - 0x00007ff87b599000 	C:\WINDOWS\system32\NSI.dll
0x00007ff87ae70000 - 0x00007ff87aebf000 	C:\WINDOWS\SYSTEM32\cfgmgr32.dll
0x00007ff8799d0000 - 0x00007ff8799f8000 	C:\WINDOWS\SYSTEM32\DEVOBJ.dll
0x00007ff879740000 - 0x00007ff87974f000 	C:\Program Files\Android\Android Studio\jre\jre\bin\verify.dll
0x00007ff872cf0000 - 0x00007ff872d19000 	C:\Program Files\Android\Android Studio\jre\jre\bin\java.dll
0x00007ff872c00000 - 0x00007ff872c16000 	C:\Program Files\Android\Android Studio\jre\jre\bin\zip.dll
0x00007ff87c3c0000 - 0x00007ff87d8eb000 	C:\WINDOWS\system32\SHELL32.dll
0x00007ff87b1c0000 - 0x00007ff87b3d1000 	C:\WINDOWS\SYSTEM32\combase.dll
0x00007ff87bd10000 - 0x00007ff87bd64000 	C:\WINDOWS\system32\SHLWAPI.dll
0x00007ff8793e0000 - 0x00007ff879492000 	C:\WINDOWS\SYSTEM32\SHCORE.dll
0x00007ff87abd0000 - 0x00007ff87abe5000 	C:\WINDOWS\SYSTEM32\profapi.dll
0x00007ff872be0000 - 0x00007ff872bfa000 	C:\Program Files\Android\Android Studio\jre\jre\bin\net.dll
0x00007ff87a3e0000 - 0x00007ff87a439000 	C:\WINDOWS\system32\mswsock.dll
0x00007ff86f240000 - 0x00007ff86f251000 	C:\Program Files\Android\Android Studio\jre\jre\bin\nio.dll

VM Arguments:
java_command: org.jetbrains.kotlin.cli.jvm.K2JVMCompiler -Xadd-compiler-builtins -Xbuild-file=C:\Users\Caio\AppData\Local\Temp\kjps6436968833834285935feature_app_debugFeature.script.xml -classpath C:\Users\Caio\.gradle\caches\modules-2\files-2.1\org.jetbrains.kotlin\kotlin-stdlib-jdk7\1.2.71\4ce93f539e2133f172f1167291a911f83400a5d0\kotlin-stdlib-jdk7-1.2.71.jar;C:\Users\Caio\Desktop\Estudos\UFRPE\Optativas\11Periodo\Mobile\Projeto\frontend\InstantStore\base\build\intermediates\feature_classes\debugFeature\bundleDebugFeatureClasses\classes.jar;C:\Users\Caio\.gradle\caches\modules-2\files-2.1\org.jetbrains.kotlin\kotlin-stdlib\1.2.71\d9717625bb3c731561251f8dd2c67a1011d6764c\kotlin-stdlib-1.2.71.jar;C:\Users\Caio\.gradle\caches\transforms-1\files-1.1\design-28.0.0.aar\cd87e3c433fbe2fdb57160d80e4968ab\jars\classes.jar;C:\Users\Caio\.gradle\caches\transforms-1\files-1.1\appcompat-v7-28.0.0.aar\213425e24f110eb2d589abbfc488829e\jars\classes.jar;C:\Users\Caio\.gradle\caches\transforms-1\files-1.1\constraint-layout-1.1.3.aar\14b5d01836cd18fdb7ca5d1a1e8d9ca0\jars\classes.jar;C:\Users\Caio\.gradle\caches\modules-2\files-2.1\org.jetbrains.kotlin\kotlin-stdlib-common\1.2.71\ba18ca1aa0e40eb6f1865b324af2f4cbb691c1ec\kotlin-stdlib-common-1.2.71.jar;C:\Users\Caio\.gradle\caches\modules-2\files-2.1\org.jetbrains\annotations\13.0\919f0dfe192fb4e063e7dacadee7f8bb9a2672a9\annotations-13.0.jar;C:\Users\Caio\.gradle\caches\transforms-1\files-1.1\support-fragment-28.0.0.aar\91137822c681827899f39227430c1e1a\jars\classes.jar;C:\Users\Caio\.gradle\caches\transforms-1\files-1.1\animated-vector-drawable-28.0.0.aar\332607072ddf2d1b72fcb64874eba2c4\jars\classes.jar;C:\Users\Caio\.gradle\caches\transforms-1\files-1.1\recyclerview-v7-28.0.0.aar\f2301e97cfd047a8167f062a93e579a4\jars\classes.jar;C:\Users\Caio\.gradle\caches\transforms-1\files-1.1\support-core-ui-28.0.0.aar\a21bf2549c1ace55963f0524e13f3d4b\jars\classes.jar;C:\Users\Caio\.gradle\caches\transforms-1\files-1.1\support-core-utils-28.0.0
java_class_path (initial): C:\Users\Caio\.gradle\caches\modules-2\files-2.1\org.jetbrains.kotlin\kotlin-compiler-embeddable\1.2.71\a79f934bfbc1c7e16638da3474feab351735f1c0\kotlin-compiler-embeddable-1.2.71.jar;C:\Users\Caio\.gradle\caches\modules-2\files-2.1\org.jetbrains.kotlin\kotlin-reflect\1.2.71\7512db3b3182753bd2e48ce8d345abbadc40fe6b\kotlin-reflect-1.2.71.jar;C:\Users\Caio\.gradle\caches\modules-2\files-2.1\org.jetbrains.kotlin\kotlin-stdlib\1.2.71\d9717625bb3c731561251f8dd2c67a1011d6764c\kotlin-stdlib-1.2.71.jar;C:\Users\Caio\.gradle\caches\modules-2\files-2.1\org.jetbrains.kotlin\kotlin-script-runtime\1.2.71\d5439926359caa899f41e1915b19d6d23e49750b\kotlin-script-runtime-1.2.71.jar;C:\Users\Caio\.gradle\caches\modules-2\files-2.1\org.jetbrains.kotlin\kotlin-stdlib-common\1.2.71\ba18ca1aa0e40eb6f1865b324af2f4cbb691c1ec\kotlin-stdlib-common-1.2.71.jar;C:\Users\Caio\.gradle\caches\modules-2\files-2.1\org.jetbrains\annotations\13.0\919f0dfe192fb4e063e7dacadee7f8bb9a2672a9\annotations-13.0.jar;C:\Program Files\Android\Android Studio\jre\lib\tools.jar
Launcher Type: SUN_STANDARD

Environment Variables:
JAVA_HOME=C:\Program Files\Java\jdk1.8.0_151
PATH=C:\Program Files (x86)\Common Files\Oracle\Java\javapath;C:\ProgramData\Oracle\Java\javapath;C:\Program Files (x86)\NVIDIA Corporation\PhysX\Common;C:\Program Files (x86)\Intel\iCLS Client\;C:\Program Files\Intel\iCLS Client\;C:\WINDOWS\system32;C:\WINDOWS;C:\WINDOWS\System32\Wbem;C:\WINDOWS\System32\WindowsPowerShell\v1.0\;C:\Program Files (x86)\Intel\OpenCL SDK\2.0\bin\x86;C:\Program Files (x86)\Intel\OpenCL SDK\2.0\bin\x64;C:\Program Files (x86)\Windows Live\Shared;C:\Program Files\Intel\Intel(R) Management Engine Components\DAL;C:\Program Files\Intel\Intel(R) Management Engine Components\IPT;C:\Program Files (x86)\Intel\Intel(R) Management Engine Components\DAL;C:\Program Files (x86)\Intel\Intel(R) Management Engine Components\IPT;C:\altera\15.0\quartus\bin;C:\Users\Caio\Desktop\Programas\Paradigmas\haskell\ghc-7.10.1\bin;C:\Program Files (x86)\MySQL\MySQL Fabric 1.5 & MySQL Utilities 1.5\;C:\Program Files (x86)\MySQL\MySQL Fabric 1.5 & MySQL Utilities 1.5\Doctrine extensions for PHP\;C:\WINDOWS\system32\config\systemprofile\.dnx\bin;C:\Program Files\Microsoft DNX\Dnvm\;C:\Program Files\Microsoft SQL Server\130\Tools\Binn\;C:\Program Files (x86)\Windows Kits\8.1\Windows Performance Toolkit\;C:\Go\bin;C:\Program Files\MiKTeX 2.9\miktex\bin\x64\;C:\Users\Caio\AppData\Local\Programs\Python\Python35-32\python.exe;C:\Program Files\Java\jdk1.8.0_151;C:\Program Files\Git\cmd;C:\Program Files (x86)\sbt\bin;C:\Program Files\TortoiseGit\bin;C:\Modeltech_pe_edu_10.4a\win32pe_edu;c:\altera\10.1\modelsim_ase\win32aloem;C:\Users\Caio\Desktop\Programas\Paradigmas\haskell\ghc-7.10.1\bin;C:\altera\15.0\modelsim_ase\win32aloem;GRADLE_HOME/bin
USERNAME=Caio
OS=Windows_NT
PROCESSOR_IDENTIFIER=Intel64 Family 6 Model 58 Stepping 9, GenuineIntel



---------------  S Y S T E M  ---------------

OS: Windows 8.1 , 64 bit Build 9600 (6.3.9600.17415)

CPU:total 8 (initial active 8) (4 cores per cpu, 2 threads per core) family 6 model 58 stepping 9, cmov, cx8, fxsr, mmx, sse, sse2, sse3, ssse3, sse4.1, sse4.2, popcnt, avx, aes, clmul, erms, ht, tsc, tscinvbit, tscinv

Memory: 4k page, physical 8273276k(919132k free), swap 8273280k(11832k free)

vm_info: OpenJDK 64-Bit Server VM (25.152-b06) for windows-amd64 JRE (1.8.0_152-release-1136-b06), built by "builder" with MS VC++ 10.0 (VS2010)

time: Sat Nov 17 15:27:42 2018
elapsed time: 4 seconds (0d 0h 0m 4s)

