#
# There is insufficient memory for the Java Runtime Environment to continue.
# Native memory allocation (malloc) failed to allocate 321136 bytes for Chunk::new
# Possible reasons:
#   The system is out of physical RAM or swap space
#   In 32 bit mode, the process size limit was hit
# Possible solutions:
#   Reduce memory load on the system
#   Increase physical memory or swap space
#   Check if swap backing store is full
#   Use 64 bit Java on a 64 bit OS
#   Decrease Java heap size (-Xmx/-Xms)
#   Decrease number of Java threads
#   Decrease Java thread stack sizes (-Xss)
#   Set larger code cache with -XX:ReservedCodeCacheSize=
# This output file may be truncated or incomplete.
#
#  Out of Memory Error (allocation.cpp:390), pid=6776, tid=0x0000000000001ebc
#
# JRE version: OpenJDK Runtime Environment (8.0_152-b06) (build 1.8.0_152-release-1136-b06)
# Java VM: OpenJDK 64-Bit Server VM (25.152-b06 mixed mode windows-amd64 compressed oops)
# Failed to write core dump. Minidumps are not enabled by default on client versions of Windows
#

---------------  T H R E A D  ---------------

Current thread (0x00000000191a1000):  JavaThread "C2 CompilerThread2" daemon [_thread_in_native, id=7868, stack(0x0000000019d30000,0x0000000019e30000)]

Stack: [0x0000000019d30000,0x0000000019e30000]
[error occurred during error reporting (printing stack bounds), id 0xc0000005]

Native frames: (J=compiled Java code, j=interpreted, Vv=VM code, C=native code)


Current CompileTask:
C2:   4806 4545       4       org.jetbrains.kotlin.serialization.deserialization.descriptors.DeserializedPackageMemberScope::getContributedClassifier (25 bytes)


---------------  P R O C E S S  ---------------

Java Threads: ( => current thread )
  0x0000000019233800 JavaThread "Service Thread" daemon [_thread_blocked, id=6652, stack(0x0000000019f30000,0x000000001a030000)]
  0x00000000191a8800 JavaThread "C1 CompilerThread3" daemon [_thread_in_native, id=7228, stack(0x0000000019e30000,0x0000000019f30000)]
=>0x00000000191a1000 JavaThread "C2 CompilerThread2" daemon [_thread_in_native, id=7868, stack(0x0000000019d30000,0x0000000019e30000)]
  0x000000001919e000 JavaThread "C2 CompilerThread1" daemon [_thread_in_native, id=7604, stack(0x0000000019c30000,0x0000000019d30000)]
  0x000000001919c000 JavaThread "C2 CompilerThread0" daemon [_thread_in_native, id=4112, stack(0x0000000019b30000,0x0000000019c30000)]
  0x000000001919a800 JavaThread "Attach Listener" daemon [_thread_blocked, id=7148, stack(0x0000000019a30000,0x0000000019b30000)]
  0x0000000019199800 JavaThread "Signal Dispatcher" daemon [_thread_blocked, id=7248, stack(0x0000000019930000,0x0000000019a30000)]
  0x0000000019190800 JavaThread "Finalizer" daemon [_thread_blocked, id=4896, stack(0x0000000019570000,0x0000000019670000)]
  0x0000000002318800 JavaThread "Reference Handler" daemon [_thread_blocked, id=8188, stack(0x0000000019070000,0x0000000019170000)]
  0x0000000002225800 JavaThread "main" [_thread_in_vm, id=7620, stack(0x0000000002120000,0x0000000002220000)]

Other Threads:
  0x0000000017296800 VMThread [stack: 0x0000000018f70000,0x0000000019070000] [id=4108]
  0x0000000019234800 WatcherThread [stack: 0x000000001a030000,0x000000001a130000] [id=7924]

VM state:not at safepoint (normal execution)

VM Mutex/Monitor currently owned by a thread:  ([mutex/lock_event])
[0x0000000002223ae0] Compile_lock - owner thread: 0x00000000191a8800

Heap:
 PSYoungGen      total 80896K, used 22235K [0x00000000d5f00000, 0x00000000dd380000, 0x0000000100000000)
  eden space 64512K, 15% used [0x00000000d5f00000,0x00000000d68fe7e8,0x00000000d9e00000)
  from space 16384K, 73% used [0x00000000d9e00000,0x00000000da9b8478,0x00000000dae00000)
  to   space 15872K, 0% used [0x00000000dc400000,0x00000000dc400000,0x00000000dd380000)
 ParOldGen       total 66048K, used 20029K [0x0000000081c00000, 0x0000000085c80000, 0x00000000d5f00000)
  object space 66048K, 30% used [0x0000000081c00000,0x0000000082f8f770,0x0000000085c80000)
 Metaspace       used 41684K, capacity 42460K, committed 42920K, reserved 1087488K
  class space    used 5273K, capacity 5485K, committed 5552K, reserved 1048576K

Card table byte_map: [0x00000000116e0000,0x0000000011ae0000] byte_map_base: 0x00000000112d2000

Marking Bits: (ParMarkBitMap*) 0x0000000065145aa0
 Begin Bits: [0x0000000012590000, 0x0000000014520000)
 End Bits:   [0x0000000014520000, 0x00000000164b0000)

Polling page: 0x0000000001f20000

CodeCache: size=245760Kb used=14637Kb max_used=14637Kb free=231122Kb
 bounds [0x0000000002320000, 0x0000000003180000, 0x0000000011320000]
 total_blobs=5001 nmethods=4549 adapters=365
 compilation: enabled

Compilation events (10 events):
Event: 4.804 Thread 0x00000000191a8800 nmethod 4567 0x0000000003171e50 code [0x0000000003172280, 0x0000000003174fa8]
Event: 4.804 Thread 0x00000000191a8800 4563       3       org.jetbrains.kotlin.com.intellij.psi.impl.PsiElementBase::<init> (5 bytes)
Event: 4.804 Thread 0x00000000191a8800 nmethod 4563 0x000000000315ff90 code [0x0000000003160100, 0x0000000003160390]
Event: 4.804 Thread 0x00000000191a8800 4568       1       org.jetbrains.kotlin.resolve.calls.model.ResolvedCallImpl::getDispatchReceiver (5 bytes)
Event: 4.804 Thread 0x00000000191a8800 nmethod 4568 0x0000000003166cd0 code [0x0000000003166e20, 0x0000000003166f30]
Event: 4.804 Thread 0x00000000191a8800 4565       1       org.jetbrains.kotlin.resolve.diagnostics.MutableDiagnosticsWithSuppression::getModificationTracker (5 bytes)
Event: 4.804 Thread 0x00000000191a8800 nmethod 4565 0x000000000243dfd0 code [0x000000000243e120, 0x000000000243e230]
Event: 4.804 Thread 0x00000000191a8800 4570       1       org.jetbrains.kotlin.resolve.calls.model.ResolvedCallImpl::getExtensionReceiver (5 bytes)
Event: 4.804 Thread 0x00000000191a8800 nmethod 4570 0x000000000243dd10 code [0x000000000243de60, 0x000000000243df70]
Event: 4.804 Thread 0x00000000191a8800 4571       3       org.jetbrains.kotlin.resolve.DelegatingBindingTrace::get (97 bytes)

GC Heap History (10 events):
Event: 2.536 GC heap before
{Heap before GC invocations=5 (full 1):
 PSYoungGen      total 38400K, used 33280K [0x00000000d5f00000, 0x00000000daa00000, 0x0000000100000000)
  eden space 33280K, 100% used [0x00000000d5f00000,0x00000000d7f80000,0x00000000d7f80000)
  from space 5120K, 0% used [0x00000000d7f80000,0x00000000d7f80000,0x00000000d8480000)
  to   space 5120K, 0% used [0x00000000da500000,0x00000000da500000,0x00000000daa00000)
 ParOldGen       total 66048K, used 8202K [0x0000000081c00000, 0x0000000085c80000, 0x00000000d5f00000)
  object space 66048K, 12% used [0x0000000081c00000,0x0000000082402838,0x0000000085c80000)
 Metaspace       used 24392K, capacity 24828K, committed 25136K, reserved 1071104K
  class space    used 3123K, capacity 3250K, committed 3376K, reserved 1048576K
Event: 2.541 GC heap after
Heap after GC invocations=5 (full 1):
 PSYoungGen      total 51712K, used 5092K [0x00000000d5f00000, 0x00000000daa00000, 0x0000000100000000)
  eden space 46592K, 0% used [0x00000000d5f00000,0x00000000d5f00000,0x00000000d8c80000)
  from space 5120K, 99% used [0x00000000da500000,0x00000000da9f9190,0x00000000daa00000)
  to   space 5120K, 0% used [0x00000000da000000,0x00000000da000000,0x00000000da500000)
 ParOldGen       total 66048K, used 11055K [0x0000000081c00000, 0x0000000085c80000, 0x00000000d5f00000)
  object space 66048K, 16% used [0x0000000081c00000,0x00000000826cbeb8,0x0000000085c80000)
 Metaspace       used 24392K, capacity 24828K, committed 25136K, reserved 1071104K
  class space    used 3123K, capacity 3250K, committed 3376K, reserved 1048576K
}
Event: 3.237 GC heap before
{Heap before GC invocations=6 (full 1):
 PSYoungGen      total 51712K, used 51684K [0x00000000d5f00000, 0x00000000daa00000, 0x0000000100000000)
  eden space 46592K, 100% used [0x00000000d5f00000,0x00000000d8c80000,0x00000000d8c80000)
  from space 5120K, 99% used [0x00000000da500000,0x00000000da9f9190,0x00000000daa00000)
  to   space 5120K, 0% used [0x00000000da000000,0x00000000da000000,0x00000000da500000)
 ParOldGen       total 66048K, used 11055K [0x0000000081c00000, 0x0000000085c80000, 0x00000000d5f00000)
  object space 66048K, 16% used [0x0000000081c00000,0x00000000826cbeb8,0x0000000085c80000)
 Metaspace       used 32588K, capacity 33072K, committed 33456K, reserved 1079296K
  class space    used 4135K, capacity 4272K, committed 4272K, reserved 1048576K
Event: 3.246 GC heap after
Heap after GC invocations=6 (full 1):
 PSYoungGen      total 70144K, used 5118K [0x00000000d5f00000, 0x00000000dbd80000, 0x0000000100000000)
  eden space 65024K, 0% used [0x00000000d5f00000,0x00000000d5f00000,0x00000000d9e80000)
  from space 5120K, 99% used [0x00000000da000000,0x00000000da4ffb18,0x00000000da500000)
  to   space 15872K, 0% used [0x00000000dae00000,0x00000000dae00000,0x00000000dbd80000)
 ParOldGen       total 66048K, used 22804K [0x0000000081c00000, 0x0000000085c80000, 0x00000000d5f00000)
  object space 66048K, 34% used [0x0000000081c00000,0x0000000083245258,0x0000000085c80000)
 Metaspace       used 32588K, capacity 33072K, committed 33456K, reserved 1079296K
  class space    used 4135K, capacity 4272K, committed 4272K, reserved 1048576K
}
Event: 3.594 GC heap before
{Heap before GC invocations=7 (full 1):
 PSYoungGen      total 70144K, used 44113K [0x00000000d5f00000, 0x00000000dbd80000, 0x0000000100000000)
  eden space 65024K, 59% used [0x00000000d5f00000,0x00000000d8514bd0,0x00000000d9e80000)
  from space 5120K, 99% used [0x00000000da000000,0x00000000da4ffb18,0x00000000da500000)
  to   space 15872K, 0% used [0x00000000dae00000,0x00000000dae00000,0x00000000dbd80000)
 ParOldGen       total 66048K, used 22804K [0x0000000081c00000, 0x0000000085c80000, 0x00000000d5f00000)
  object space 66048K, 34% used [0x0000000081c00000,0x0000000083245258,0x0000000085c80000)
 Metaspace       used 34684K, capacity 35195K, committed 35496K, reserved 1081344K
  class space    used 4367K, capacity 4506K, committed 4528K, reserved 1048576K
Event: 3.603 GC heap after
Heap after GC invocations=7 (full 1):
 PSYoungGen      total 80384K, used 12093K [0x00000000d5f00000, 0x00000000dda80000, 0x0000000100000000)
  eden space 64512K, 0% used [0x00000000d5f00000,0x00000000d5f00000,0x00000000d9e00000)
  from space 15872K, 76% used [0x00000000dae00000,0x00000000db9cf628,0x00000000dbd80000)
  to   space 16384K, 0% used [0x00000000d9e00000,0x00000000d9e00000,0x00000000dae00000)
 ParOldGen       total 66048K, used 22812K [0x0000000081c00000, 0x0000000085c80000, 0x00000000d5f00000)
  object space 66048K, 34% used [0x0000000081c00000,0x0000000083247258,0x0000000085c80000)
 Metaspace       used 34684K, capacity 35195K, committed 35496K, reserved 1081344K
  class space    used 4367K, capacity 4506K, committed 4528K, reserved 1048576K
}
Event: 3.603 GC heap before
{Heap before GC invocations=8 (full 2):
 PSYoungGen      total 80384K, used 12093K [0x00000000d5f00000, 0x00000000dda80000, 0x0000000100000000)
  eden space 64512K, 0% used [0x00000000d5f00000,0x00000000d5f00000,0x00000000d9e00000)
  from space 15872K, 76% used [0x00000000dae00000,0x00000000db9cf628,0x00000000dbd80000)
  to   space 16384K, 0% used [0x00000000d9e00000,0x00000000d9e00000,0x00000000dae00000)
 ParOldGen       total 66048K, used 22812K [0x0000000081c00000, 0x0000000085c80000, 0x00000000d5f00000)
  object space 66048K, 34% used [0x0000000081c00000,0x0000000083247258,0x0000000085c80000)
 Metaspace       used 34684K, capacity 35195K, committed 35496K, reserved 1081344K
  class space    used 4367K, capacity 4506K, committed 4528K, reserved 1048576K
Event: 3.670 GC heap after
Heap after GC invocations=8 (full 2):
 PSYoungGen      total 80384K, used 0K [0x00000000d5f00000, 0x00000000dda80000, 0x0000000100000000)
  eden space 64512K, 0% used [0x00000000d5f00000,0x00000000d5f00000,0x00000000d9e00000)
  from space 15872K, 0% used [0x00000000dae00000,0x00000000dae00000,0x00000000dbd80000)
  to   space 16384K, 0% used [0x00000000d9e00000,0x00000000d9e00000,0x00000000dae00000)
 ParOldGen       total 66048K, used 20021K [0x0000000081c00000, 0x0000000085c80000, 0x00000000d5f00000)
  object space 66048K, 30% used [0x0000000081c00000,0x0000000082f8d770,0x0000000085c80000)
 Metaspace       used 34684K, capacity 35195K, committed 35496K, reserved 1081344K
  class space    used 4367K, capacity 4506K, committed 4528K, reserved 1048576K
}
Event: 4.635 GC heap before
{Heap before GC invocations=9 (full 2):
 PSYoungGen      total 80384K, used 64512K [0x00000000d5f00000, 0x00000000dda80000, 0x0000000100000000)
  eden space 64512K, 100% used [0x00000000d5f00000,0x00000000d9e00000,0x00000000d9e00000)
  from space 15872K, 0% used [0x00000000dae00000,0x00000000dae00000,0x00000000dbd80000)
  to   space 16384K, 0% used [0x00000000d9e00000,0x00000000d9e00000,0x00000000dae00000)
 ParOldGen       total 66048K, used 20021K [0x0000000081c00000, 0x0000000085c80000, 0x00000000d5f00000)
  object space 66048K, 30% used [0x0000000081c00000,0x0000000082f8d770,0x0000000085c80000)
 Metaspace       used 39974K, capacity 40666K, committed 41128K, reserved 1085440K
  class space    used 5031K, capacity 5196K, committed 5296K, reserved 1048576K
Event: 4.643 GC heap after
Heap after GC invocations=9 (full 2):
 PSYoungGen      total 80896K, used 12001K [0x00000000d5f00000, 0x00000000dd380000, 0x0000000100000000)
  eden space 64512K, 0% used [0x00000000d5f00000,0x00000000d5f00000,0x00000000d9e00000)
  from space 16384K, 73% used [0x00000000d9e00000,0x00000000da9b8478,0x00000000dae00000)
  to   space 15872K, 0% used [0x00000000dc400000,0x00000000dc400000,0x00000000dd380000)
 ParOldGen       total 66048K, used 20029K [0x0000000081c00000, 0x0000000085c80000, 0x00000000d5f00000)
  object space 66048K, 30% used [0x0000000081c00000,0x0000000082f8f770,0x0000000085c80000)
 Metaspace       used 39974K, capacity 40666K, committed 41128K, reserved 1085440K
  class space    used 5031K, capacity 5196K, committed 5296K, reserved 1048576K
}

Deoptimization events (10 events):
Event: 4.747 Thread 0x0000000002225800 Uncommon trap: reason=unstable_if action=reinterpret pc=0x00000000030df564 method=org.jetbrains.kotlin.metadata.ProtoBuf$Type.writeTo(Lorg/jetbrains/kotlin/protobuf/CodedOutputStream;)V @ 160
Event: 4.773 Thread 0x0000000002225800 Uncommon trap: reason=class_check action=maybe_recompile pc=0x0000000002fdcc20 method=org.jetbrains.kotlin.serialization.deserialization.descriptors.DeserializedPackageMemberScope.hasClass(Lorg/jetbrains/kotlin/name/Name;)Z @ 26
Event: 4.773 Thread 0x0000000002225800 Uncommon trap: reason=class_check action=maybe_recompile pc=0x0000000002fdcc20 method=org.jetbrains.kotlin.serialization.deserialization.descriptors.DeserializedPackageMemberScope.hasClass(Lorg/jetbrains/kotlin/name/Name;)Z @ 26
Event: 4.773 Thread 0x0000000002225800 Uncommon trap: reason=class_check action=maybe_recompile pc=0x0000000002fdcc20 method=org.jetbrains.kotlin.serialization.deserialization.descriptors.DeserializedPackageMemberScope.hasClass(Lorg/jetbrains/kotlin/name/Name;)Z @ 26
Event: 4.773 Thread 0x0000000002225800 Uncommon trap: reason=class_check action=maybe_recompile pc=0x0000000002fdcc20 method=org.jetbrains.kotlin.serialization.deserialization.descriptors.DeserializedPackageMemberScope.hasClass(Lorg/jetbrains/kotlin/name/Name;)Z @ 26
Event: 4.774 Thread 0x0000000002225800 Uncommon trap: reason=class_check action=maybe_recompile pc=0x0000000002fe59d0 method=org.jetbrains.kotlin.serialization.deserialization.descriptors.DeserializedPackageMemberScope.hasClass(Lorg/jetbrains/kotlin/name/Name;)Z @ 26
Event: 4.776 Thread 0x0000000002225800 Uncommon trap: reason=unstable_if action=reinterpret pc=0x000000000303bc58 method=org.jetbrains.kotlin.types.TypeSubstitutor.substitute(Lorg/jetbrains/kotlin/types/TypeProjection;)Lorg/jetbrains/kotlin/types/TypeProjection; @ 13
Event: 4.777 Thread 0x0000000002225800 Uncommon trap: reason=unstable_if action=reinterpret pc=0x0000000003035514 method=org.jetbrains.kotlin.types.TypeSubstitutor.substitute(Lorg/jetbrains/kotlin/types/TypeProjection;)Lorg/jetbrains/kotlin/types/TypeProjection; @ 13
Event: 4.786 Thread 0x0000000002225800 Uncommon trap: reason=unstable_if action=reinterpret pc=0x0000000002f743f0 method=org.jetbrains.kotlin.resolve.DescriptorUtils.getFqNameSafeIfPossible(Lorg/jetbrains/kotlin/descriptors/DeclarationDescriptor;)Lorg/jetbrains/kotlin/name/FqName; @ 4
Event: 4.786 Thread 0x0000000002225800 Uncommon trap: reason=unstable_if action=reinterpret pc=0x0000000002f2661c method=org.jetbrains.kotlin.name.FqNameUnsafe.child(Lorg/jetbrains/kotlin/name/Name;)Lorg/jetbrains/kotlin/name/FqNameUnsafe; @ 4

Classes redefined (0 events):
No events

Internal exceptions (10 events):
Event: 3.096 Thread 0x0000000002225800 Exception <a 'java/lang/NoSuchMethodError': java.lang.Object.lambda$static$0(I)[Lorg/jetbrains/kotlin/psi/KtDeclaration;> (0x00000000d848c508) thrown at [D:\src\AOSP-openjdk-cygwin\jdk8u\hotspot\src\share\vm\interpreter\linkResolver.cpp, line 584]
Event: 3.106 Thread 0x0000000002225800 Exception <a 'java/lang/NoSuchMethodError': java.lang.Object.lambda$static$0(I)[Lorg/jetbrains/kotlin/com/intellij/psi/PsiElement;> (0x00000000d84fcd20) thrown at [D:\src\AOSP-openjdk-cygwin\jdk8u\hotspot\src\share\vm\interpreter\linkResolver.cpp, line 58
Event: 3.117 Thread 0x0000000002225800 Exception <a 'java/lang/NoSuchMethodError': java.lang.Object.lambda$static$0(I)[Lorg/jetbrains/kotlin/psi/KtTypeElement;> (0x00000000d85c8e38) thrown at [D:\src\AOSP-openjdk-cygwin\jdk8u\hotspot\src\share\vm\interpreter\linkResolver.cpp, line 584]
Event: 3.573 Thread 0x0000000002225800 Exception <a 'java/lang/NoSuchMethodError': java.lang.Object.lambda$static$0(I)[Lorg/jetbrains/kotlin/com/intellij/psi/PsiClass;> (0x00000000d82b5b50) thrown at [D:\src\AOSP-openjdk-cygwin\jdk8u\hotspot\src\share\vm\interpreter\linkResolver.cpp, line 584]
Event: 4.595 Thread 0x0000000002225800 Exception <a 'java/lang/NoSuchMethodError': java.lang.Object.lambda$static$0(I)[Lorg/jetbrains/kotlin/com/intellij/psi/PsiTypeElement;> (0x00000000d9bf52e0) thrown at [D:\src\AOSP-openjdk-cygwin\jdk8u\hotspot\src\share\vm\interpreter\linkResolver.cpp, lin
Event: 4.612 Thread 0x0000000002225800 Exception <a 'java/lang/NoSuchMethodError': java.lang.Object.lambda$static$0(I)[Lorg/jetbrains/kotlin/com/intellij/psi/PsiTypeParameter;> (0x00000000d9cb36d0) thrown at [D:\src\AOSP-openjdk-cygwin\jdk8u\hotspot\src\share\vm\interpreter\linkResolver.cpp, l
Event: 4.628 Thread 0x0000000002225800 Exception <a 'java/lang/NoSuchMethodError': java.lang.Object.lambda$static$0(I)[Lorg/jetbrains/kotlin/com/intellij/psi/PsiMethod;> (0x00000000d9d98ef8) thrown at [D:\src\AOSP-openjdk-cygwin\jdk8u\hotspot\src\share\vm\interpreter\linkResolver.cpp, line 584
Event: 4.629 Thread 0x0000000002225800 Exception <a 'java/lang/NoSuchMethodError': java.lang.Object.lambda$static$0(I)[Lorg/jetbrains/kotlin/com/intellij/psi/PsiField;> (0x00000000d9da37f8) thrown at [D:\src\AOSP-openjdk-cygwin\jdk8u\hotspot\src\share\vm\interpreter\linkResolver.cpp, line 584]
Event: 4.651 Thread 0x0000000002225800 Exception <a 'java/lang/NoSuchMethodError': java.lang.Object.lambda$static$0(I)[Lorg/jetbrains/kotlin/com/intellij/psi/PsiJavaCodeReferenceElement;> (0x00000000d5f2d3c8) thrown at [D:\src\AOSP-openjdk-cygwin\jdk8u\hotspot\src\share\vm\interpreter\linkReso
Event: 4.729 Thread 0x0000000002225800 Implicit null exception at 0x0000000002a7528c to 0x0000000002a75335

Events (10 events):
Event: 4.798 loading class org/jetbrains/kotlin/resolve/ModifiersCheckerKt$ifSupported$1
Event: 4.798 loading class org/jetbrains/kotlin/resolve/ModifiersCheckerKt$ifSupported$1 done
Event: 4.798 loading class org/jetbrains/kotlin/resolve/ModifiersCheckerKt$or$1
Event: 4.798 loading class org/jetbrains/kotlin/resolve/ModifiersCheckerKt$or$1 done
Event: 4.799 loading class org/jetbrains/kotlin/resolve/ModifierCheckerCore$Compatibility
Event: 4.799 loading class org/jetbrains/kotlin/resolve/ModifierCheckerCore$Compatibility done
Event: 4.799 loading class org/jetbrains/kotlin/resolve/jvm/checkers/JvmSimpleNameBacktickChecker$checkNamed$1
Event: 4.799 loading class org/jetbrains/kotlin/resolve/jvm/checkers/JvmSimpleNameBacktickChecker$checkNamed$1 done
Event: 4.799 loading class org/jetbrains/kotlin/resolve/LateinitModifierApplicabilityChecker
Event: 4.799 loading class org/jetbrains/kotlin/resolve/LateinitModifierApplicabilityChecker done


Dynamic libraries:
0x00007ff731650000 - 0x00007ff731681000 	C:\Program Files\Android\Android Studio\jre\jre\bin\java.exe
0x00007ff87da80000 - 0x00007ff87dc2c000 	C:\WINDOWS\SYSTEM32\ntdll.dll
0x00007ff87b8d0000 - 0x00007ff87ba0e000 	C:\WINDOWS\system32\KERNEL32.DLL
0x00007ff87aca0000 - 0x00007ff87adb5000 	C:\WINDOWS\system32\KERNELBASE.dll
0x00007ff87c310000 - 0x00007ff87c3ba000 	C:\WINDOWS\system32\ADVAPI32.dll
0x00007ff87bff0000 - 0x00007ff87c167000 	C:\WINDOWS\system32\USER32.dll
0x00007ff878f30000 - 0x00007ff8791ab000 	C:\WINDOWS\WinSxS\amd64_microsoft.windows.common-controls_6595b64144ccf1df_6.0.9600.18006_none_623f33d3ecbe86e8\COMCTL32.dll
0x00007ff87c180000 - 0x00007ff87c22a000 	C:\WINDOWS\system32\msvcrt.dll
0x00007ff87bf20000 - 0x00007ff87bf79000 	C:\WINDOWS\SYSTEM32\sechost.dll
0x00007ff87bdd0000 - 0x00007ff87bf11000 	C:\WINDOWS\system32\RPCRT4.dll
0x00007ff87b780000 - 0x00007ff87b8cf000 	C:\WINDOWS\system32\GDI32.dll
0x00007ff87d8f0000 - 0x00007ff87d926000 	C:\WINDOWS\system32\IMM32.DLL
0x00007ff87ba10000 - 0x00007ff87bb62000 	C:\WINDOWS\system32\MSCTF.dll
0x0000000064110000 - 0x00000000641e2000 	C:\Program Files\Android\Android Studio\jre\jre\bin\msvcr100.dll
0x0000000064980000 - 0x00000000651c1000 	C:\Program Files\Android\Android Studio\jre\jre\bin\server\jvm.dll
0x00007ff86f080000 - 0x00007ff86f089000 	C:\WINDOWS\SYSTEM32\WSOCK32.dll
0x00007ff878410000 - 0x00007ff878432000 	C:\WINDOWS\SYSTEM32\WINMM.dll
0x00007ff8784b0000 - 0x00007ff8784ba000 	C:\WINDOWS\SYSTEM32\VERSION.dll
0x00007ff87c170000 - 0x00007ff87c177000 	C:\WINDOWS\system32\PSAPI.DLL
0x00007ff87d930000 - 0x00007ff87d98a000 	C:\WINDOWS\system32\WS2_32.dll
0x00007ff8783e0000 - 0x00007ff87840a000 	C:\WINDOWS\SYSTEM32\WINMMBASE.dll
0x00007ff87b590000 - 0x00007ff87b599000 	C:\WINDOWS\system32\NSI.dll
0x00007ff87ae70000 - 0x00007ff87aebf000 	C:\WINDOWS\SYSTEM32\cfgmgr32.dll
0x00007ff8799d0000 - 0x00007ff8799f8000 	C:\WINDOWS\SYSTEM32\DEVOBJ.dll
0x00007ff879740000 - 0x00007ff87974f000 	C:\Program Files\Android\Android Studio\jre\jre\bin\verify.dll
0x00007ff872cf0000 - 0x00007ff872d19000 	C:\Program Files\Android\Android Studio\jre\jre\bin\java.dll
0x00007ff872c00000 - 0x00007ff872c16000 	C:\Program Files\Android\Android Studio\jre\jre\bin\zip.dll
0x00007ff87c3c0000 - 0x00007ff87d8eb000 	C:\WINDOWS\system32\SHELL32.dll
0x00007ff87b1c0000 - 0x00007ff87b3d1000 	C:\WINDOWS\SYSTEM32\combase.dll
0x00007ff87bd10000 - 0x00007ff87bd64000 	C:\WINDOWS\system32\SHLWAPI.dll
0x00007ff8793e0000 - 0x00007ff879492000 	C:\WINDOWS\SYSTEM32\SHCORE.dll
0x00007ff87abd0000 - 0x00007ff87abe5000 	C:\WINDOWS\SYSTEM32\profapi.dll
0x00007ff872be0000 - 0x00007ff872bfa000 	C:\Program Files\Android\Android Studio\jre\jre\bin\net.dll
0x00007ff87a3e0000 - 0x00007ff87a439000 	C:\WINDOWS\system32\mswsock.dll
0x00007ff86f240000 - 0x00007ff86f251000 	C:\Program Files\Android\Android Studio\jre\jre\bin\nio.dll

VM Arguments:
java_command: org.jetbrains.kotlin.cli.jvm.K2JVMCompiler -Xadd-compiler-builtins -Xbuild-file=C:\Users\Caio\AppData\Local\Temp\kjps2456413603054189296feature_app_debugFeature.script.xml -classpath C:\Users\Caio\.gradle\caches\modules-2\files-2.1\org.jetbrains.kotlin\kotlin-stdlib-jdk7\1.2.71\4ce93f539e2133f172f1167291a911f83400a5d0\kotlin-stdlib-jdk7-1.2.71.jar;C:\Users\Caio\Desktop\Estudos\UFRPE\Optativas\11Periodo\Mobile\Projeto\frontend\InstantStore\base\build\intermediates\feature_classes\debugFeature\bundleDebugFeatureClasses\classes.jar;C:\Users\Caio\.gradle\caches\modules-2\files-2.1\org.jetbrains.kotlin\kotlin-stdlib\1.2.71\d9717625bb3c731561251f8dd2c67a1011d6764c\kotlin-stdlib-1.2.71.jar;C:\Users\Caio\.gradle\caches\transforms-1\files-1.1\design-28.0.0.aar\cd87e3c433fbe2fdb57160d80e4968ab\jars\classes.jar;C:\Users\Caio\.gradle\caches\transforms-1\files-1.1\appcompat-v7-28.0.0.aar\213425e24f110eb2d589abbfc488829e\jars\classes.jar;C:\Users\Caio\.gradle\caches\transforms-1\files-1.1\constraint-layout-1.1.3.aar\14b5d01836cd18fdb7ca5d1a1e8d9ca0\jars\classes.jar;C:\Users\Caio\.gradle\caches\modules-2\files-2.1\org.jetbrains.kotlin\kotlin-stdlib-common\1.2.71\ba18ca1aa0e40eb6f1865b324af2f4cbb691c1ec\kotlin-stdlib-common-1.2.71.jar;C:\Users\Caio\.gradle\caches\modules-2\files-2.1\org.jetbrains\annotations\13.0\919f0dfe192fb4e063e7dacadee7f8bb9a2672a9\annotations-13.0.jar;C:\Users\Caio\.gradle\caches\transforms-1\files-1.1\support-fragment-28.0.0.aar\91137822c681827899f39227430c1e1a\jars\classes.jar;C:\Users\Caio\.gradle\caches\transforms-1\files-1.1\animated-vector-drawable-28.0.0.aar\332607072ddf2d1b72fcb64874eba2c4\jars\classes.jar;C:\Users\Caio\.gradle\caches\transforms-1\files-1.1\recyclerview-v7-28.0.0.aar\f2301e97cfd047a8167f062a93e579a4\jars\classes.jar;C:\Users\Caio\.gradle\caches\transforms-1\files-1.1\support-core-ui-28.0.0.aar\a21bf2549c1ace55963f0524e13f3d4b\jars\classes.jar;C:\Users\Caio\.gradle\caches\transforms-1\files-1.1\support-core-utils-28.0.0
java_class_path (initial): C:\Users\Caio\.gradle\caches\modules-2\files-2.1\org.jetbrains.kotlin\kotlin-compiler-embeddable\1.2.71\a79f934bfbc1c7e16638da3474feab351735f1c0\kotlin-compiler-embeddable-1.2.71.jar;C:\Users\Caio\.gradle\caches\modules-2\files-2.1\org.jetbrains.kotlin\kotlin-reflect\1.2.71\7512db3b3182753bd2e48ce8d345abbadc40fe6b\kotlin-reflect-1.2.71.jar;C:\Users\Caio\.gradle\caches\modules-2\files-2.1\org.jetbrains.kotlin\kotlin-stdlib\1.2.71\d9717625bb3c731561251f8dd2c67a1011d6764c\kotlin-stdlib-1.2.71.jar;C:\Users\Caio\.gradle\caches\modules-2\files-2.1\org.jetbrains.kotlin\kotlin-script-runtime\1.2.71\d5439926359caa899f41e1915b19d6d23e49750b\kotlin-script-runtime-1.2.71.jar;C:\Users\Caio\.gradle\caches\modules-2\files-2.1\org.jetbrains.kotlin\kotlin-stdlib-common\1.2.71\ba18ca1aa0e40eb6f1865b324af2f4cbb691c1ec\kotlin-stdlib-common-1.2.71.jar;C:\Users\Caio\.gradle\caches\modules-2\files-2.1\org.jetbrains\annotations\13.0\919f0dfe192fb4e063e7dacadee7f8bb9a2672a9\annotations-13.0.jar;C:\Program Files\Android\Android Studio\jre\lib\tools.jar
Launcher Type: SUN_STANDARD

Environment Variables:
JAVA_HOME=C:\Program Files\Java\jdk1.8.0_151
PATH=C:\Program Files (x86)\Common Files\Oracle\Java\javapath;C:\ProgramData\Oracle\Java\javapath;C:\Program Files (x86)\NVIDIA Corporation\PhysX\Common;C:\Program Files (x86)\Intel\iCLS Client\;C:\Program Files\Intel\iCLS Client\;C:\WINDOWS\system32;C:\WINDOWS;C:\WINDOWS\System32\Wbem;C:\WINDOWS\System32\WindowsPowerShell\v1.0\;C:\Program Files (x86)\Intel\OpenCL SDK\2.0\bin\x86;C:\Program Files (x86)\Intel\OpenCL SDK\2.0\bin\x64;C:\Program Files (x86)\Windows Live\Shared;C:\Program Files\Intel\Intel(R) Management Engine Components\DAL;C:\Program Files\Intel\Intel(R) Management Engine Components\IPT;C:\Program Files (x86)\Intel\Intel(R) Management Engine Components\DAL;C:\Program Files (x86)\Intel\Intel(R) Management Engine Components\IPT;C:\altera\15.0\quartus\bin;C:\Users\Caio\Desktop\Programas\Paradigmas\haskell\ghc-7.10.1\bin;C:\Program Files (x86)\MySQL\MySQL Fabric 1.5 & MySQL Utilities 1.5\;C:\Program Files (x86)\MySQL\MySQL Fabric 1.5 & MySQL Utilities 1.5\Doctrine extensions for PHP\;C:\WINDOWS\system32\config\systemprofile\.dnx\bin;C:\Program Files\Microsoft DNX\Dnvm\;C:\Program Files\Microsoft SQL Server\130\Tools\Binn\;C:\Program Files (x86)\Windows Kits\8.1\Windows Performance Toolkit\;C:\Go\bin;C:\Program Files\MiKTeX 2.9\miktex\bin\x64\;C:\Users\Caio\AppData\Local\Programs\Python\Python35-32\python.exe;C:\Program Files\Java\jdk1.8.0_151;C:\Program Files\Git\cmd;C:\Program Files (x86)\sbt\bin;C:\Program Files\TortoiseGit\bin;C:\Modeltech_pe_edu_10.4a\win32pe_edu;c:\altera\10.1\modelsim_ase\win32aloem;C:\Users\Caio\Desktop\Programas\Paradigmas\haskell\ghc-7.10.1\bin;C:\altera\15.0\modelsim_ase\win32aloem;GRADLE_HOME/bin
USERNAME=Caio
OS=Windows_NT
PROCESSOR_IDENTIFIER=Intel64 Family 6 Model 58 Stepping 9, GenuineIntel



---------------  S Y S T E M  ---------------

OS: Windows 8.1 , 64 bit Build 9600 (6.3.9600.17415)

CPU:total 8 (initial active 8) (4 cores per cpu, 2 threads per core) family 6 model 58 stepping 9, cmov, cx8, fxsr, mmx, sse, sse2, sse3, ssse3, sse4.1, sse4.2, popcnt, avx, aes, clmul, erms, ht, tsc, tscinvbit, tscinv

Memory: 4k page, physical 8273276k(912664k free), swap 8273280k(3972k free)

vm_info: OpenJDK 64-Bit Server VM (25.152-b06) for windows-amd64 JRE (1.8.0_152-release-1136-b06), built by "builder" with MS VC++ 10.0 (VS2010)

time: Sat Nov 17 15:28:27 2018
elapsed time: 4 seconds (0d 0h 0m 4s)

